[2026-02-13T23:56:05.270+0000] {taskinstance.py:1083} INFO - Dependencies all met for <TaskInstance: Server_Workload_Clustering.start_pipeline scheduled__2026-02-12T06:00:00+00:00 [queued]>
[2026-02-13T23:56:05.297+0000] {taskinstance.py:1083} INFO - Dependencies all met for <TaskInstance: Server_Workload_Clustering.start_pipeline scheduled__2026-02-12T06:00:00+00:00 [queued]>
[2026-02-13T23:56:05.299+0000] {taskinstance.py:1279} INFO - 
--------------------------------------------------------------------------------
[2026-02-13T23:56:05.299+0000] {taskinstance.py:1280} INFO - Starting attempt 1 of 1
[2026-02-13T23:56:05.300+0000] {taskinstance.py:1281} INFO - 
--------------------------------------------------------------------------------
[2026-02-13T23:56:05.352+0000] {taskinstance.py:1300} INFO - Executing <Task(BashOperator): start_pipeline> on 2026-02-12 06:00:00+00:00
[2026-02-13T23:56:05.491+0000] {standard_task_runner.py:55} INFO - Started process 361 to run task
[2026-02-13T23:56:05.574+0000] {standard_task_runner.py:82} INFO - Running: ['***', 'tasks', 'run', 'Server_Workload_Clustering', 'start_pipeline', 'scheduled__2026-02-12T06:00:00+00:00', '--job-id', '20', '--raw', '--subdir', 'DAGS_FOLDER/***.py', '--cfg-path', '/tmp/tmpuvl5sa_u']
[2026-02-13T23:56:05.615+0000] {standard_task_runner.py:83} INFO - Job 20: Subtask start_pipeline
[2026-02-13T23:56:06.105+0000] {task_command.py:388} INFO - Running <TaskInstance: Server_Workload_Clustering.start_pipeline scheduled__2026-02-12T06:00:00+00:00 [running]> on host dd3b82610d33
[2026-02-13T23:56:06.601+0000] {taskinstance.py:1509} INFO - Exporting the following env vars:
AIRFLOW_CTX_DAG_OWNER=alaska
AIRFLOW_CTX_DAG_ID=Server_Workload_Clustering
AIRFLOW_CTX_TASK_ID=start_pipeline
AIRFLOW_CTX_EXECUTION_DATE=2026-02-12T06:00:00+00:00
AIRFLOW_CTX_TRY_NUMBER=1
AIRFLOW_CTX_DAG_RUN_ID=scheduled__2026-02-12T06:00:00+00:00
[2026-02-13T23:56:06.605+0000] {subprocess.py:63} INFO - Tmp dir root location: 
 /tmp
[2026-02-13T23:56:06.607+0000] {subprocess.py:75} INFO - Running command: ['/bin/bash', '-c', 'echo "========================================" && echo "Server Workload Clustering Pipeline" && echo "Started at: $(date)" && echo "Working dir: $(pwd)" && echo "========================================" && ls -la /opt/***/dags/data/']
[2026-02-13T23:56:06.656+0000] {subprocess.py:86} INFO - Output:
[2026-02-13T23:56:06.660+0000] {subprocess.py:93} INFO - ========================================
[2026-02-13T23:56:06.661+0000] {subprocess.py:93} INFO - Server Workload Clustering Pipeline
[2026-02-13T23:56:06.669+0000] {subprocess.py:93} INFO - Started at: Fri Feb 13 23:56:06 UTC 2026
[2026-02-13T23:56:06.672+0000] {subprocess.py:93} INFO - Working dir: /tmp/***tmpdl60obw2
[2026-02-13T23:56:06.673+0000] {subprocess.py:93} INFO - ========================================
[2026-02-13T23:56:06.675+0000] {subprocess.py:93} INFO - total 16
[2026-02-13T23:56:06.676+0000] {subprocess.py:93} INFO - drwxr-xr-x 4 default root   128 Feb 13 23:41 .
[2026-02-13T23:56:06.676+0000] {subprocess.py:93} INFO - drwxr-xr-x 6 default root   192 Feb 13 23:46 ..
[2026-02-13T23:56:06.676+0000] {subprocess.py:93} INFO - -rw-r--r-- 1 default root 10701 Feb 13 23:41 server_workloads.csv
[2026-02-13T23:56:06.676+0000] {subprocess.py:93} INFO - -rw-r--r-- 1 default root   178 Feb 13 23:41 test.csv
[2026-02-13T23:56:06.678+0000] {subprocess.py:97} INFO - Command exited with return code 0
[2026-02-13T23:56:06.742+0000] {taskinstance.py:1323} INFO - Marking task as SUCCESS. dag_id=Server_Workload_Clustering, task_id=start_pipeline, execution_date=20260212T060000, start_date=20260213T235605, end_date=20260213T235606
[2026-02-13T23:56:06.845+0000] {local_task_job.py:208} INFO - Task exited with return code 0
[2026-02-13T23:56:06.934+0000] {taskinstance.py:2578} INFO - 1 downstream tasks scheduled from follow-on schedule check
[2026-02-14T00:35:27.412+0000] {taskinstance.py:1083} INFO - Dependencies all met for <TaskInstance: Server_Workload_Clustering.start_pipeline scheduled__2026-02-12T06:00:00+00:00 [queued]>
[2026-02-14T00:35:27.432+0000] {taskinstance.py:1083} INFO - Dependencies all met for <TaskInstance: Server_Workload_Clustering.start_pipeline scheduled__2026-02-12T06:00:00+00:00 [queued]>
[2026-02-14T00:35:27.432+0000] {taskinstance.py:1279} INFO - 
--------------------------------------------------------------------------------
[2026-02-14T00:35:27.432+0000] {taskinstance.py:1280} INFO - Starting attempt 1 of 1
[2026-02-14T00:35:27.432+0000] {taskinstance.py:1281} INFO - 
--------------------------------------------------------------------------------
[2026-02-14T00:35:27.453+0000] {taskinstance.py:1300} INFO - Executing <Task(BashOperator): start_pipeline> on 2026-02-12 06:00:00+00:00
[2026-02-14T00:35:27.480+0000] {standard_task_runner.py:55} INFO - Started process 341 to run task
[2026-02-14T00:35:27.487+0000] {standard_task_runner.py:82} INFO - Running: ['***', 'tasks', 'run', 'Server_Workload_Clustering', 'start_pipeline', 'scheduled__2026-02-12T06:00:00+00:00', '--job-id', '3', '--raw', '--subdir', 'DAGS_FOLDER/***.py', '--cfg-path', '/tmp/tmp9gl0b03d']
[2026-02-14T00:35:27.489+0000] {standard_task_runner.py:83} INFO - Job 3: Subtask start_pipeline
[2026-02-14T00:35:27.687+0000] {task_command.py:388} INFO - Running <TaskInstance: Server_Workload_Clustering.start_pipeline scheduled__2026-02-12T06:00:00+00:00 [running]> on host 0a4d6186628f
[2026-02-14T00:35:27.810+0000] {taskinstance.py:1509} INFO - Exporting the following env vars:
AIRFLOW_CTX_DAG_OWNER=alaska
AIRFLOW_CTX_DAG_ID=Server_Workload_Clustering
AIRFLOW_CTX_TASK_ID=start_pipeline
AIRFLOW_CTX_EXECUTION_DATE=2026-02-12T06:00:00+00:00
AIRFLOW_CTX_TRY_NUMBER=1
AIRFLOW_CTX_DAG_RUN_ID=scheduled__2026-02-12T06:00:00+00:00
[2026-02-14T00:35:27.816+0000] {subprocess.py:63} INFO - Tmp dir root location: 
 /tmp
[2026-02-14T00:35:27.818+0000] {subprocess.py:75} INFO - Running command: ['/bin/bash', '-c', 'echo "========================================" && echo "Server Workload Clustering Pipeline" && echo "Started at: $(date)" && echo "Working dir: $(pwd)" && echo "========================================" && ls -la /opt/***/dags/data/']
[2026-02-14T00:35:27.849+0000] {subprocess.py:86} INFO - Output:
[2026-02-14T00:35:27.861+0000] {subprocess.py:93} INFO - ========================================
[2026-02-14T00:35:27.862+0000] {subprocess.py:93} INFO - Server Workload Clustering Pipeline
[2026-02-14T00:35:27.865+0000] {subprocess.py:93} INFO - Started at: Sat Feb 14 00:35:27 UTC 2026
[2026-02-14T00:35:27.866+0000] {subprocess.py:93} INFO - Working dir: /tmp/***tmpuxvxx8lo
[2026-02-14T00:35:27.866+0000] {subprocess.py:93} INFO - ========================================
[2026-02-14T00:35:27.884+0000] {subprocess.py:93} INFO - total 20
[2026-02-14T00:35:27.884+0000] {subprocess.py:93} INFO - drwxr-xr-x 5 default root   160 Feb 14 00:18 .
[2026-02-14T00:35:27.884+0000] {subprocess.py:93} INFO - drwxr-xr-x 7 default root   224 Feb 13 23:56 ..
[2026-02-14T00:35:27.884+0000] {subprocess.py:93} INFO - -rw-r--r-- 1 default root  2821 Feb 13 23:40 generate_server_workload.py
[2026-02-14T00:35:27.884+0000] {subprocess.py:93} INFO - -rw-r--r-- 1 default root 10701 Feb 13 23:41 server_workloads.csv
[2026-02-14T00:35:27.884+0000] {subprocess.py:93} INFO - -rw-r--r-- 1 default root   178 Feb 13 23:41 test.csv
[2026-02-14T00:35:27.888+0000] {subprocess.py:97} INFO - Command exited with return code 0
[2026-02-14T00:35:27.934+0000] {taskinstance.py:1323} INFO - Marking task as SUCCESS. dag_id=Server_Workload_Clustering, task_id=start_pipeline, execution_date=20260212T060000, start_date=20260214T003527, end_date=20260214T003527
[2026-02-14T00:35:27.999+0000] {local_task_job.py:208} INFO - Task exited with return code 0
[2026-02-14T00:35:28.035+0000] {taskinstance.py:2578} INFO - 1 downstream tasks scheduled from follow-on schedule check
