[2026-02-14T00:35:43.721+0000] {taskinstance.py:1083} INFO - Dependencies all met for <TaskInstance: Server_Workload_Clustering.build_save_model_task manual__2026-02-14T00:35:18.847848+00:00 [queued]>
[2026-02-14T00:35:43.732+0000] {taskinstance.py:1083} INFO - Dependencies all met for <TaskInstance: Server_Workload_Clustering.build_save_model_task manual__2026-02-14T00:35:18.847848+00:00 [queued]>
[2026-02-14T00:35:43.732+0000] {taskinstance.py:1279} INFO - 
--------------------------------------------------------------------------------
[2026-02-14T00:35:43.732+0000] {taskinstance.py:1280} INFO - Starting attempt 1 of 1
[2026-02-14T00:35:43.732+0000] {taskinstance.py:1281} INFO - 
--------------------------------------------------------------------------------
[2026-02-14T00:35:43.746+0000] {taskinstance.py:1300} INFO - Executing <Task(PythonOperator): build_save_model_task> on 2026-02-14 00:35:18.847848+00:00
[2026-02-14T00:35:43.760+0000] {standard_task_runner.py:55} INFO - Started process 381 to run task
[2026-02-14T00:35:43.770+0000] {standard_task_runner.py:82} INFO - Running: ['***', 'tasks', 'run', 'Server_Workload_Clustering', 'build_save_model_task', 'manual__2026-02-14T00:35:18.847848+00:00', '--job-id', '10', '--raw', '--subdir', 'DAGS_FOLDER/***.py', '--cfg-path', '/tmp/tmpgcu_son7']
[2026-02-14T00:35:43.773+0000] {standard_task_runner.py:83} INFO - Job 10: Subtask build_save_model_task
[2026-02-14T00:35:43.858+0000] {task_command.py:388} INFO - Running <TaskInstance: Server_Workload_Clustering.build_save_model_task manual__2026-02-14T00:35:18.847848+00:00 [running]> on host 0a4d6186628f
[2026-02-14T00:35:43.928+0000] {taskinstance.py:1509} INFO - Exporting the following env vars:
AIRFLOW_CTX_DAG_OWNER=alaska
AIRFLOW_CTX_DAG_ID=Server_Workload_Clustering
AIRFLOW_CTX_TASK_ID=build_save_model_task
AIRFLOW_CTX_EXECUTION_DATE=2026-02-14T00:35:18.847848+00:00
AIRFLOW_CTX_TRY_NUMBER=1
AIRFLOW_CTX_DAG_RUN_ID=manual__2026-02-14T00:35:18.847848+00:00
[2026-02-14T00:35:44.081+0000] {logging_mixin.py:137} INFO - k= 1  SSE=145.9940
[2026-02-14T00:35:44.134+0000] {logging_mixin.py:137} INFO - k= 2  SSE=72.2840
[2026-02-14T00:35:44.209+0000] {logging_mixin.py:137} INFO - k= 3  SSE=43.6229
[2026-02-14T00:35:44.342+0000] {logging_mixin.py:137} INFO - k= 4  SSE=15.2960
[2026-02-14T00:35:44.439+0000] {logging_mixin.py:137} INFO - k= 5  SSE=13.9401
[2026-02-14T00:35:44.511+0000] {logging_mixin.py:137} INFO - k= 6  SSE=12.3870
[2026-02-14T00:35:44.584+0000] {logging_mixin.py:137} INFO - k= 7  SSE=11.5683
[2026-02-14T00:35:44.654+0000] {logging_mixin.py:137} INFO - k= 8  SSE=11.0149
[2026-02-14T00:35:44.710+0000] {logging_mixin.py:137} INFO - k= 9  SSE=10.5721
[2026-02-14T00:35:44.759+0000] {logging_mixin.py:137} INFO - k=10  SSE=10.2503
[2026-02-14T00:35:44.882+0000] {logging_mixin.py:137} INFO - k=11  SSE=9.8860
[2026-02-14T00:35:44.948+0000] {logging_mixin.py:137} INFO - k=12  SSE=9.4645
[2026-02-14T00:35:44.996+0000] {logging_mixin.py:137} INFO - k=13  SSE=9.1988
[2026-02-14T00:35:45.107+0000] {logging_mixin.py:137} INFO - k=14  SSE=8.8676
[2026-02-14T00:35:45.184+0000] {logging_mixin.py:137} INFO - k=15  SSE=8.7800
[2026-02-14T00:35:45.255+0000] {logging_mixin.py:137} INFO - k=16  SSE=8.4674
[2026-02-14T00:35:45.334+0000] {logging_mixin.py:137} INFO - k=17  SSE=8.1413
[2026-02-14T00:35:45.422+0000] {logging_mixin.py:137} INFO - k=18  SSE=7.9574
[2026-02-14T00:35:45.512+0000] {logging_mixin.py:137} INFO - k=19  SSE=7.6729
[2026-02-14T00:35:45.579+0000] {logging_mixin.py:137} INFO - k=20  SSE=7.3950
[2026-02-14T00:35:45.584+0000] {logging_mixin.py:137} INFO - Model saved to /opt/***/dags/model/workload_model.sav
[2026-02-14T00:35:45.585+0000] {python.py:177} INFO - Done. Returned value was: [145.99402903607924, 72.28395360717016, 43.622897962450864, 15.295952486840427, 13.940098123419338, 12.38695073549022, 11.568308992011467, 11.01492818736779, 10.572095777368142, 10.250269557159543, 9.885978242424816, 9.464521113930433, 9.19879510382383, 8.867593180349456, 8.780036147296173, 8.46736384719015, 8.141325050845515, 7.957380823662312, 7.672899158233316, 7.394956284093685]
[2026-02-14T00:35:45.665+0000] {taskinstance.py:1323} INFO - Marking task as SUCCESS. dag_id=Server_Workload_Clustering, task_id=build_save_model_task, execution_date=20260214T003518, start_date=20260214T003543, end_date=20260214T003545
[2026-02-14T00:35:45.756+0000] {local_task_job.py:208} INFO - Task exited with return code 0
[2026-02-14T00:35:45.836+0000] {taskinstance.py:2578} INFO - 1 downstream tasks scheduled from follow-on schedule check
