[2026-02-14T00:35:53.080+0000] {taskinstance.py:1083} INFO - Dependencies all met for <TaskInstance: Server_Workload_Clustering.end_pipeline manual__2026-02-14T00:35:18.847848+00:00 [queued]>
[2026-02-14T00:35:53.088+0000] {taskinstance.py:1083} INFO - Dependencies all met for <TaskInstance: Server_Workload_Clustering.end_pipeline manual__2026-02-14T00:35:18.847848+00:00 [queued]>
[2026-02-14T00:35:53.090+0000] {taskinstance.py:1279} INFO - 
--------------------------------------------------------------------------------
[2026-02-14T00:35:53.092+0000] {taskinstance.py:1280} INFO - Starting attempt 1 of 1
[2026-02-14T00:35:53.092+0000] {taskinstance.py:1281} INFO - 
--------------------------------------------------------------------------------
[2026-02-14T00:35:53.104+0000] {taskinstance.py:1300} INFO - Executing <Task(BashOperator): end_pipeline> on 2026-02-14 00:35:18.847848+00:00
[2026-02-14T00:35:53.137+0000] {standard_task_runner.py:55} INFO - Started process 2850 to run task
[2026-02-14T00:35:53.160+0000] {standard_task_runner.py:82} INFO - Running: ['***', 'tasks', 'run', 'Server_Workload_Clustering', 'end_pipeline', 'manual__2026-02-14T00:35:18.847848+00:00', '--job-id', '14', '--raw', '--subdir', 'DAGS_FOLDER/***.py', '--cfg-path', '/tmp/tmpfg7rpm58']
[2026-02-14T00:35:53.166+0000] {standard_task_runner.py:83} INFO - Job 14: Subtask end_pipeline
[2026-02-14T00:35:53.434+0000] {task_command.py:388} INFO - Running <TaskInstance: Server_Workload_Clustering.end_pipeline manual__2026-02-14T00:35:18.847848+00:00 [running]> on host 0a4d6186628f
[2026-02-14T00:35:53.600+0000] {taskinstance.py:1509} INFO - Exporting the following env vars:
AIRFLOW_CTX_DAG_OWNER=alaska
AIRFLOW_CTX_DAG_ID=Server_Workload_Clustering
AIRFLOW_CTX_TASK_ID=end_pipeline
AIRFLOW_CTX_EXECUTION_DATE=2026-02-14T00:35:18.847848+00:00
AIRFLOW_CTX_TRY_NUMBER=1
AIRFLOW_CTX_DAG_RUN_ID=manual__2026-02-14T00:35:18.847848+00:00
[2026-02-14T00:35:53.605+0000] {subprocess.py:63} INFO - Tmp dir root location: 
 /tmp
[2026-02-14T00:35:53.609+0000] {subprocess.py:75} INFO - Running command: ['/bin/bash', '-c', 'echo "========================================" && echo "Pipeline completed at: $(date)" && echo "Model artifacts:" && ls -lh /opt/***/dags/model/ && echo "========================================" && echo "SUCCESS: Workload clustering pipeline finished."']
[2026-02-14T00:35:53.645+0000] {subprocess.py:86} INFO - Output:
[2026-02-14T00:35:53.648+0000] {subprocess.py:93} INFO - ========================================
[2026-02-14T00:35:53.651+0000] {subprocess.py:93} INFO - Pipeline completed at: Sat Feb 14 00:35:53 UTC 2026
[2026-02-14T00:35:53.651+0000] {subprocess.py:93} INFO - Model artifacts:
[2026-02-14T00:35:53.655+0000] {subprocess.py:93} INFO - total 4.0K
[2026-02-14T00:35:53.656+0000] {subprocess.py:93} INFO - -rw-r--r-- 1 default root 2.9K Feb 14 00:35 workload_model.sav
[2026-02-14T00:35:53.656+0000] {subprocess.py:93} INFO - ========================================
[2026-02-14T00:35:53.656+0000] {subprocess.py:93} INFO - SUCCESS: Workload clustering pipeline finished.
[2026-02-14T00:35:53.657+0000] {subprocess.py:97} INFO - Command exited with return code 0
[2026-02-14T00:35:53.696+0000] {taskinstance.py:1323} INFO - Marking task as SUCCESS. dag_id=Server_Workload_Clustering, task_id=end_pipeline, execution_date=20260214T003518, start_date=20260214T003553, end_date=20260214T003553
[2026-02-14T00:35:53.754+0000] {local_task_job.py:208} INFO - Task exited with return code 0
[2026-02-14T00:35:53.833+0000] {taskinstance.py:2578} INFO - 0 downstream tasks scheduled from follow-on schedule check
