[2026-02-13T23:56:27.967+0000] {taskinstance.py:1083} INFO - Dependencies all met for <TaskInstance: Server_Workload_Clustering.load_model_task scheduled__2026-02-12T06:00:00+00:00 [queued]>
[2026-02-13T23:56:27.994+0000] {taskinstance.py:1083} INFO - Dependencies all met for <TaskInstance: Server_Workload_Clustering.load_model_task scheduled__2026-02-12T06:00:00+00:00 [queued]>
[2026-02-13T23:56:27.995+0000] {taskinstance.py:1279} INFO - 
--------------------------------------------------------------------------------
[2026-02-13T23:56:27.997+0000] {taskinstance.py:1280} INFO - Starting attempt 1 of 1
[2026-02-13T23:56:27.998+0000] {taskinstance.py:1281} INFO - 
--------------------------------------------------------------------------------
[2026-02-13T23:56:28.062+0000] {taskinstance.py:1300} INFO - Executing <Task(PythonOperator): load_model_task> on 2026-02-12 06:00:00+00:00
[2026-02-13T23:56:28.119+0000] {standard_task_runner.py:55} INFO - Started process 2831 to run task
[2026-02-13T23:56:28.136+0000] {standard_task_runner.py:82} INFO - Running: ['***', 'tasks', 'run', 'Server_Workload_Clustering', 'load_model_task', 'scheduled__2026-02-12T06:00:00+00:00', '--job-id', '27', '--raw', '--subdir', 'DAGS_FOLDER/***.py', '--cfg-path', '/tmp/tmpv74pqx1m']
[2026-02-13T23:56:28.149+0000] {standard_task_runner.py:83} INFO - Job 27: Subtask load_model_task
[2026-02-13T23:56:28.368+0000] {task_command.py:388} INFO - Running <TaskInstance: Server_Workload_Clustering.load_model_task scheduled__2026-02-12T06:00:00+00:00 [running]> on host dd3b82610d33
[2026-02-13T23:56:28.648+0000] {taskinstance.py:1509} INFO - Exporting the following env vars:
AIRFLOW_CTX_DAG_OWNER=alaska
AIRFLOW_CTX_DAG_ID=Server_Workload_Clustering
AIRFLOW_CTX_TASK_ID=load_model_task
AIRFLOW_CTX_EXECUTION_DATE=2026-02-12T06:00:00+00:00
AIRFLOW_CTX_TRY_NUMBER=1
AIRFLOW_CTX_DAG_RUN_ID=scheduled__2026-02-12T06:00:00+00:00
[2026-02-13T23:56:28.679+0000] {logging_mixin.py:137} INFO - === Optimal number of workload clusters: 4 ===
[2026-02-13T23:56:28.758+0000] {logging_mixin.py:137} INFO - 
Test workloads:
   cpu_percent  memory_percent  ...  runtime_seconds  gpu_util_percent
0           92              35  ...              500                 8
1           45              90  ...             1100                12
2           60              75  ...             2000                92
3           12              10  ...               45                 1
4           70              55  ...              800                50

[5 rows x 6 columns]
[2026-02-13T23:56:28.891+0000] {logging_mixin.py:137} INFO -   Workload 1: cluster=9 (Cluster-9)
[2026-02-13T23:56:28.897+0000] {logging_mixin.py:137} INFO -   Workload 2: cluster=18 (Cluster-18)
[2026-02-13T23:56:28.902+0000] {logging_mixin.py:137} INFO -   Workload 3: cluster=10 (Cluster-10)
[2026-02-13T23:56:28.903+0000] {logging_mixin.py:137} INFO -   Workload 4: cluster=5 (Cluster-5)
[2026-02-13T23:56:28.911+0000] {logging_mixin.py:137} INFO -   Workload 5: cluster=7 (Cluster-7)
[2026-02-13T23:56:28.915+0000] {python.py:177} INFO - Done. Returned value was: 9
[2026-02-13T23:56:29.213+0000] {taskinstance.py:1323} INFO - Marking task as SUCCESS. dag_id=Server_Workload_Clustering, task_id=load_model_task, execution_date=20260212T060000, start_date=20260213T235627, end_date=20260213T235629
[2026-02-13T23:56:29.477+0000] {local_task_job.py:208} INFO - Task exited with return code 0
[2026-02-13T23:56:29.702+0000] {taskinstance.py:2578} INFO - 0 downstream tasks scheduled from follow-on schedule check
[2026-02-14T00:35:49.073+0000] {taskinstance.py:1083} INFO - Dependencies all met for <TaskInstance: Server_Workload_Clustering.load_model_task scheduled__2026-02-12T06:00:00+00:00 [queued]>
[2026-02-14T00:35:49.093+0000] {taskinstance.py:1083} INFO - Dependencies all met for <TaskInstance: Server_Workload_Clustering.load_model_task scheduled__2026-02-12T06:00:00+00:00 [queued]>
[2026-02-14T00:35:49.094+0000] {taskinstance.py:1279} INFO - 
--------------------------------------------------------------------------------
[2026-02-14T00:35:49.095+0000] {taskinstance.py:1280} INFO - Starting attempt 1 of 1
[2026-02-14T00:35:49.097+0000] {taskinstance.py:1281} INFO - 
--------------------------------------------------------------------------------
[2026-02-14T00:35:49.124+0000] {taskinstance.py:1300} INFO - Executing <Task(PythonOperator): load_model_task> on 2026-02-12 06:00:00+00:00
[2026-02-14T00:35:49.146+0000] {standard_task_runner.py:55} INFO - Started process 2805 to run task
[2026-02-14T00:35:49.172+0000] {standard_task_runner.py:82} INFO - Running: ['***', 'tasks', 'run', 'Server_Workload_Clustering', 'load_model_task', 'scheduled__2026-02-12T06:00:00+00:00', '--job-id', '11', '--raw', '--subdir', 'DAGS_FOLDER/***.py', '--cfg-path', '/tmp/tmpyoxi850h']
[2026-02-14T00:35:49.179+0000] {standard_task_runner.py:83} INFO - Job 11: Subtask load_model_task
[2026-02-14T00:35:49.293+0000] {task_command.py:388} INFO - Running <TaskInstance: Server_Workload_Clustering.load_model_task scheduled__2026-02-12T06:00:00+00:00 [running]> on host 0a4d6186628f
[2026-02-14T00:35:49.491+0000] {taskinstance.py:1509} INFO - Exporting the following env vars:
AIRFLOW_CTX_DAG_OWNER=alaska
AIRFLOW_CTX_DAG_ID=Server_Workload_Clustering
AIRFLOW_CTX_TASK_ID=load_model_task
AIRFLOW_CTX_EXECUTION_DATE=2026-02-12T06:00:00+00:00
AIRFLOW_CTX_TRY_NUMBER=1
AIRFLOW_CTX_DAG_RUN_ID=scheduled__2026-02-12T06:00:00+00:00
[2026-02-14T00:35:49.503+0000] {logging_mixin.py:137} INFO - === Optimal number of workload clusters: 4 ===
[2026-02-14T00:35:49.545+0000] {logging_mixin.py:137} INFO - 
Test workloads:
   cpu_percent  memory_percent  ...  runtime_seconds  gpu_util_percent
0           92              35  ...              500                 8
1           45              90  ...             1100                12
2           60              75  ...             2000                92
3           12              10  ...               45                 1
4           70              55  ...              800                50

[5 rows x 6 columns]
[2026-02-14T00:35:49.713+0000] {logging_mixin.py:137} INFO -   Workload 1: cluster=9 (Cluster-9)
[2026-02-14T00:35:49.724+0000] {logging_mixin.py:137} INFO -   Workload 2: cluster=18 (Cluster-18)
[2026-02-14T00:35:49.731+0000] {logging_mixin.py:137} INFO -   Workload 3: cluster=10 (Cluster-10)
[2026-02-14T00:35:49.733+0000] {logging_mixin.py:137} INFO -   Workload 4: cluster=5 (Cluster-5)
[2026-02-14T00:35:49.733+0000] {logging_mixin.py:137} INFO -   Workload 5: cluster=7 (Cluster-7)
[2026-02-14T00:35:49.734+0000] {python.py:177} INFO - Done. Returned value was: 9
[2026-02-14T00:35:49.828+0000] {taskinstance.py:1323} INFO - Marking task as SUCCESS. dag_id=Server_Workload_Clustering, task_id=load_model_task, execution_date=20260212T060000, start_date=20260214T003549, end_date=20260214T003549
[2026-02-14T00:35:49.912+0000] {local_task_job.py:208} INFO - Task exited with return code 0
[2026-02-14T00:35:50.009+0000] {taskinstance.py:2578} INFO - 1 downstream tasks scheduled from follow-on schedule check
