[2026-02-14T00:35:27.414+0000] {taskinstance.py:1083} INFO - Dependencies all met for <TaskInstance: Server_Workload_Clustering.start_pipeline manual__2026-02-14T00:35:18.847848+00:00 [queued]>
[2026-02-14T00:35:27.431+0000] {taskinstance.py:1083} INFO - Dependencies all met for <TaskInstance: Server_Workload_Clustering.start_pipeline manual__2026-02-14T00:35:18.847848+00:00 [queued]>
[2026-02-14T00:35:27.432+0000] {taskinstance.py:1279} INFO - 
--------------------------------------------------------------------------------
[2026-02-14T00:35:27.432+0000] {taskinstance.py:1280} INFO - Starting attempt 1 of 1
[2026-02-14T00:35:27.432+0000] {taskinstance.py:1281} INFO - 
--------------------------------------------------------------------------------
[2026-02-14T00:35:27.453+0000] {taskinstance.py:1300} INFO - Executing <Task(BashOperator): start_pipeline> on 2026-02-14 00:35:18.847848+00:00
[2026-02-14T00:35:27.477+0000] {standard_task_runner.py:55} INFO - Started process 340 to run task
[2026-02-14T00:35:27.484+0000] {standard_task_runner.py:82} INFO - Running: ['***', 'tasks', 'run', 'Server_Workload_Clustering', 'start_pipeline', 'manual__2026-02-14T00:35:18.847848+00:00', '--job-id', '4', '--raw', '--subdir', 'DAGS_FOLDER/***.py', '--cfg-path', '/tmp/tmpc58kgegh']
[2026-02-14T00:35:27.494+0000] {standard_task_runner.py:83} INFO - Job 4: Subtask start_pipeline
[2026-02-14T00:35:27.683+0000] {task_command.py:388} INFO - Running <TaskInstance: Server_Workload_Clustering.start_pipeline manual__2026-02-14T00:35:18.847848+00:00 [running]> on host 0a4d6186628f
[2026-02-14T00:35:27.819+0000] {taskinstance.py:1509} INFO - Exporting the following env vars:
AIRFLOW_CTX_DAG_OWNER=alaska
AIRFLOW_CTX_DAG_ID=Server_Workload_Clustering
AIRFLOW_CTX_TASK_ID=start_pipeline
AIRFLOW_CTX_EXECUTION_DATE=2026-02-14T00:35:18.847848+00:00
AIRFLOW_CTX_TRY_NUMBER=1
AIRFLOW_CTX_DAG_RUN_ID=manual__2026-02-14T00:35:18.847848+00:00
[2026-02-14T00:35:27.822+0000] {subprocess.py:63} INFO - Tmp dir root location: 
 /tmp
[2026-02-14T00:35:27.823+0000] {subprocess.py:75} INFO - Running command: ['/bin/bash', '-c', 'echo "========================================" && echo "Server Workload Clustering Pipeline" && echo "Started at: $(date)" && echo "Working dir: $(pwd)" && echo "========================================" && ls -la /opt/***/dags/data/']
[2026-02-14T00:35:27.849+0000] {subprocess.py:86} INFO - Output:
[2026-02-14T00:35:27.861+0000] {subprocess.py:93} INFO - ========================================
[2026-02-14T00:35:27.862+0000] {subprocess.py:93} INFO - Server Workload Clustering Pipeline
[2026-02-14T00:35:27.865+0000] {subprocess.py:93} INFO - Started at: Sat Feb 14 00:35:27 UTC 2026
[2026-02-14T00:35:27.866+0000] {subprocess.py:93} INFO - Working dir: /tmp/***tmpxmombd3h
[2026-02-14T00:35:27.866+0000] {subprocess.py:93} INFO - ========================================
[2026-02-14T00:35:27.884+0000] {subprocess.py:93} INFO - total 20
[2026-02-14T00:35:27.884+0000] {subprocess.py:93} INFO - drwxr-xr-x 5 default root   160 Feb 14 00:18 .
[2026-02-14T00:35:27.884+0000] {subprocess.py:93} INFO - drwxr-xr-x 7 default root   224 Feb 13 23:56 ..
[2026-02-14T00:35:27.884+0000] {subprocess.py:93} INFO - -rw-r--r-- 1 default root  2821 Feb 13 23:40 generate_server_workload.py
[2026-02-14T00:35:27.884+0000] {subprocess.py:93} INFO - -rw-r--r-- 1 default root 10701 Feb 13 23:41 server_workloads.csv
[2026-02-14T00:35:27.884+0000] {subprocess.py:93} INFO - -rw-r--r-- 1 default root   178 Feb 13 23:41 test.csv
[2026-02-14T00:35:27.887+0000] {subprocess.py:97} INFO - Command exited with return code 0
[2026-02-14T00:35:27.935+0000] {taskinstance.py:1323} INFO - Marking task as SUCCESS. dag_id=Server_Workload_Clustering, task_id=start_pipeline, execution_date=20260214T003518, start_date=20260214T003527, end_date=20260214T003527
[2026-02-14T00:35:27.995+0000] {local_task_job.py:208} INFO - Task exited with return code 0
[2026-02-14T00:35:28.036+0000] {taskinstance.py:2578} INFO - 1 downstream tasks scheduled from follow-on schedule check
