[2026-02-13T23:56:21.554+0000] {taskinstance.py:1083} INFO - Dependencies all met for <TaskInstance: Server_Workload_Clustering.build_save_model_task scheduled__2026-02-12T06:00:00+00:00 [queued]>
[2026-02-13T23:56:21.573+0000] {taskinstance.py:1083} INFO - Dependencies all met for <TaskInstance: Server_Workload_Clustering.build_save_model_task scheduled__2026-02-12T06:00:00+00:00 [queued]>
[2026-02-13T23:56:21.574+0000] {taskinstance.py:1279} INFO - 
--------------------------------------------------------------------------------
[2026-02-13T23:56:21.575+0000] {taskinstance.py:1280} INFO - Starting attempt 1 of 1
[2026-02-13T23:56:21.576+0000] {taskinstance.py:1281} INFO - 
--------------------------------------------------------------------------------
[2026-02-13T23:56:21.594+0000] {taskinstance.py:1300} INFO - Executing <Task(PythonOperator): build_save_model_task> on 2026-02-12 06:00:00+00:00
[2026-02-13T23:56:21.613+0000] {standard_task_runner.py:55} INFO - Started process 392 to run task
[2026-02-13T23:56:21.616+0000] {standard_task_runner.py:82} INFO - Running: ['***', 'tasks', 'run', 'Server_Workload_Clustering', 'build_save_model_task', 'scheduled__2026-02-12T06:00:00+00:00', '--job-id', '26', '--raw', '--subdir', 'DAGS_FOLDER/***.py', '--cfg-path', '/tmp/tmp216__sp7']
[2026-02-13T23:56:21.618+0000] {standard_task_runner.py:83} INFO - Job 26: Subtask build_save_model_task
[2026-02-13T23:56:21.740+0000] {task_command.py:388} INFO - Running <TaskInstance: Server_Workload_Clustering.build_save_model_task scheduled__2026-02-12T06:00:00+00:00 [running]> on host dd3b82610d33
[2026-02-13T23:56:21.825+0000] {taskinstance.py:1509} INFO - Exporting the following env vars:
AIRFLOW_CTX_DAG_OWNER=alaska
AIRFLOW_CTX_DAG_ID=Server_Workload_Clustering
AIRFLOW_CTX_TASK_ID=build_save_model_task
AIRFLOW_CTX_EXECUTION_DATE=2026-02-12T06:00:00+00:00
AIRFLOW_CTX_TRY_NUMBER=1
AIRFLOW_CTX_DAG_RUN_ID=scheduled__2026-02-12T06:00:00+00:00
[2026-02-13T23:56:21.982+0000] {logging_mixin.py:137} INFO - k= 1  SSE=145.9940
[2026-02-13T23:56:22.031+0000] {logging_mixin.py:137} INFO - k= 2  SSE=72.2840
[2026-02-13T23:56:22.100+0000] {logging_mixin.py:137} INFO - k= 3  SSE=43.6229
[2026-02-13T23:56:22.161+0000] {logging_mixin.py:137} INFO - k= 4  SSE=15.2960
[2026-02-13T23:56:22.228+0000] {logging_mixin.py:137} INFO - k= 5  SSE=13.9401
[2026-02-13T23:56:22.282+0000] {logging_mixin.py:137} INFO - k= 6  SSE=12.3870
[2026-02-13T23:56:22.357+0000] {logging_mixin.py:137} INFO - k= 7  SSE=11.5683
[2026-02-13T23:56:22.410+0000] {logging_mixin.py:137} INFO - k= 8  SSE=11.0149
[2026-02-13T23:56:22.453+0000] {logging_mixin.py:137} INFO - k= 9  SSE=10.5721
[2026-02-13T23:56:22.499+0000] {logging_mixin.py:137} INFO - k=10  SSE=10.2503
[2026-02-13T23:56:22.545+0000] {logging_mixin.py:137} INFO - k=11  SSE=9.8860
[2026-02-13T23:56:22.616+0000] {logging_mixin.py:137} INFO - k=12  SSE=9.4645
[2026-02-13T23:56:22.687+0000] {logging_mixin.py:137} INFO - k=13  SSE=9.1988
[2026-02-13T23:56:22.739+0000] {logging_mixin.py:137} INFO - k=14  SSE=8.8676
[2026-02-13T23:56:22.790+0000] {logging_mixin.py:137} INFO - k=15  SSE=8.7800
[2026-02-13T23:56:22.835+0000] {logging_mixin.py:137} INFO - k=16  SSE=8.4674
[2026-02-13T23:56:22.898+0000] {logging_mixin.py:137} INFO - k=17  SSE=8.1413
[2026-02-13T23:56:23.046+0000] {logging_mixin.py:137} INFO - k=18  SSE=7.9574
[2026-02-13T23:56:23.201+0000] {logging_mixin.py:137} INFO - k=19  SSE=7.6729
[2026-02-13T23:56:23.529+0000] {logging_mixin.py:137} INFO - k=20  SSE=7.3950
[2026-02-13T23:56:23.535+0000] {logging_mixin.py:137} INFO - Model saved to /opt/***/dags/model/workload_model.sav
[2026-02-13T23:56:23.536+0000] {python.py:177} INFO - Done. Returned value was: [145.99402903607927, 72.28395360717018, 43.62289796245087, 15.295952486840427, 13.940098123419338, 12.386950735490219, 11.568308992011467, 11.01492818736779, 10.572095777368142, 10.250269557159541, 9.885978242424816, 9.464521113930433, 9.19879510382383, 8.867593180349454, 8.78003614729617, 8.46736384719015, 8.141325050845516, 7.957380823662312, 7.672899158233317, 7.394956284093686]
[2026-02-13T23:56:23.655+0000] {taskinstance.py:1323} INFO - Marking task as SUCCESS. dag_id=Server_Workload_Clustering, task_id=build_save_model_task, execution_date=20260212T060000, start_date=20260213T235621, end_date=20260213T235623
[2026-02-13T23:56:23.753+0000] {local_task_job.py:208} INFO - Task exited with return code 0
[2026-02-13T23:56:24.032+0000] {taskinstance.py:2578} INFO - 1 downstream tasks scheduled from follow-on schedule check
[2026-02-14T00:35:43.720+0000] {taskinstance.py:1083} INFO - Dependencies all met for <TaskInstance: Server_Workload_Clustering.build_save_model_task scheduled__2026-02-12T06:00:00+00:00 [queued]>
[2026-02-14T00:35:43.731+0000] {taskinstance.py:1083} INFO - Dependencies all met for <TaskInstance: Server_Workload_Clustering.build_save_model_task scheduled__2026-02-12T06:00:00+00:00 [queued]>
[2026-02-14T00:35:43.731+0000] {taskinstance.py:1279} INFO - 
--------------------------------------------------------------------------------
[2026-02-14T00:35:43.732+0000] {taskinstance.py:1280} INFO - Starting attempt 1 of 1
[2026-02-14T00:35:43.732+0000] {taskinstance.py:1281} INFO - 
--------------------------------------------------------------------------------
[2026-02-14T00:35:43.746+0000] {taskinstance.py:1300} INFO - Executing <Task(PythonOperator): build_save_model_task> on 2026-02-12 06:00:00+00:00
[2026-02-14T00:35:43.761+0000] {standard_task_runner.py:55} INFO - Started process 380 to run task
[2026-02-14T00:35:43.773+0000] {standard_task_runner.py:82} INFO - Running: ['***', 'tasks', 'run', 'Server_Workload_Clustering', 'build_save_model_task', 'scheduled__2026-02-12T06:00:00+00:00', '--job-id', '9', '--raw', '--subdir', 'DAGS_FOLDER/***.py', '--cfg-path', '/tmp/tmp8asm4q38']
[2026-02-14T00:35:43.777+0000] {standard_task_runner.py:83} INFO - Job 9: Subtask build_save_model_task
[2026-02-14T00:35:43.858+0000] {task_command.py:388} INFO - Running <TaskInstance: Server_Workload_Clustering.build_save_model_task scheduled__2026-02-12T06:00:00+00:00 [running]> on host 0a4d6186628f
[2026-02-14T00:35:43.926+0000] {taskinstance.py:1509} INFO - Exporting the following env vars:
AIRFLOW_CTX_DAG_OWNER=alaska
AIRFLOW_CTX_DAG_ID=Server_Workload_Clustering
AIRFLOW_CTX_TASK_ID=build_save_model_task
AIRFLOW_CTX_EXECUTION_DATE=2026-02-12T06:00:00+00:00
AIRFLOW_CTX_TRY_NUMBER=1
AIRFLOW_CTX_DAG_RUN_ID=scheduled__2026-02-12T06:00:00+00:00
[2026-02-14T00:35:44.085+0000] {logging_mixin.py:137} INFO - k= 1  SSE=145.9940
[2026-02-14T00:35:44.135+0000] {logging_mixin.py:137} INFO - k= 2  SSE=72.2840
[2026-02-14T00:35:44.206+0000] {logging_mixin.py:137} INFO - k= 3  SSE=43.6229
[2026-02-14T00:35:44.350+0000] {logging_mixin.py:137} INFO - k= 4  SSE=15.2960
[2026-02-14T00:35:44.440+0000] {logging_mixin.py:137} INFO - k= 5  SSE=13.9401
[2026-02-14T00:35:44.507+0000] {logging_mixin.py:137} INFO - k= 6  SSE=12.3870
[2026-02-14T00:35:44.601+0000] {logging_mixin.py:137} INFO - k= 7  SSE=11.5683
[2026-02-14T00:35:44.670+0000] {logging_mixin.py:137} INFO - k= 8  SSE=11.0149
[2026-02-14T00:35:44.732+0000] {logging_mixin.py:137} INFO - k= 9  SSE=10.5721
[2026-02-14T00:35:44.798+0000] {logging_mixin.py:137} INFO - k=10  SSE=10.2503
[2026-02-14T00:35:44.905+0000] {logging_mixin.py:137} INFO - k=11  SSE=9.8860
[2026-02-14T00:35:44.981+0000] {logging_mixin.py:137} INFO - k=12  SSE=9.4645
[2026-02-14T00:35:45.075+0000] {logging_mixin.py:137} INFO - k=13  SSE=9.1988
[2026-02-14T00:35:45.138+0000] {logging_mixin.py:137} INFO - k=14  SSE=8.8676
[2026-02-14T00:35:45.229+0000] {logging_mixin.py:137} INFO - k=15  SSE=8.7800
[2026-02-14T00:35:45.302+0000] {logging_mixin.py:137} INFO - k=16  SSE=8.4674
[2026-02-14T00:35:45.376+0000] {logging_mixin.py:137} INFO - k=17  SSE=8.1413
[2026-02-14T00:35:45.466+0000] {logging_mixin.py:137} INFO - k=18  SSE=7.9574
[2026-02-14T00:35:45.544+0000] {logging_mixin.py:137} INFO - k=19  SSE=7.6729
[2026-02-14T00:35:45.623+0000] {logging_mixin.py:137} INFO - k=20  SSE=7.3950
[2026-02-14T00:35:45.630+0000] {logging_mixin.py:137} INFO - Model saved to /opt/***/dags/model/workload_model.sav
[2026-02-14T00:35:45.632+0000] {python.py:177} INFO - Done. Returned value was: [145.99402903607924, 72.28395360717016, 43.62289796245087, 15.295952486840426, 13.94009812341934, 12.38695073549022, 11.568308992011469, 11.014928187367792, 10.572095777368142, 10.250269557159541, 9.885978242424816, 9.464521113930434, 9.198795103823828, 8.867593180349456, 8.780036147296173, 8.467363847190152, 8.141325050845516, 7.957380823662312, 7.672899158233317, 7.394956284093685]
[2026-02-14T00:35:45.705+0000] {taskinstance.py:1323} INFO - Marking task as SUCCESS. dag_id=Server_Workload_Clustering, task_id=build_save_model_task, execution_date=20260212T060000, start_date=20260214T003543, end_date=20260214T003545
[2026-02-14T00:35:45.758+0000] {local_task_job.py:208} INFO - Task exited with return code 0
[2026-02-14T00:35:45.835+0000] {taskinstance.py:2578} INFO - 1 downstream tasks scheduled from follow-on schedule check
