[2026-02-13T23:45:36.631+0000] {processor.py:153} INFO - Started process (PID=77) to work on /opt/airflow/dags/airflow.py
[2026-02-13T23:45:36.644+0000] {processor.py:743} INFO - Processing file /opt/airflow/dags/airflow.py for tasks to queue
[2026-02-13T23:45:36.649+0000] {logging_mixin.py:137} INFO - [2026-02-13T23:45:36.649+0000] {dagbag.py:538} INFO - Filling up the DagBag from /opt/airflow/dags/airflow.py
[2026-02-13T23:45:36.832+0000] {logging_mixin.py:137} INFO - [2026-02-13T23:45:36.808+0000] {dagbag.py:343} ERROR - Failed to import: /opt/airflow/dags/airflow.py
Traceback (most recent call last):
  File "/home/airflow/.local/lib/python3.7/site-packages/airflow/models/dagbag.py", line 339, in parse
    loader.exec_module(new_module)
  File "<frozen importlib._bootstrap_external>", line 728, in exec_module
  File "<frozen importlib._bootstrap>", line 219, in _call_with_frames_removed
  File "/opt/airflow/dags/airflow.py", line 6, in <module>
    from src.lab import load_data, data_preprocessing, build_save_model, load_model_elbow
  File "/opt/airflow/dags/src/lab.py", line 6, in <module>
    from src.lab import load_data, data_preprocessing, build_save_model, load_model_elbow
ImportError: cannot import name 'load_data' from 'src.lab' (/opt/airflow/dags/src/lab.py)
[2026-02-13T23:45:36.834+0000] {processor.py:755} WARNING - No viable dags retrieved from /opt/airflow/dags/airflow.py
[2026-02-13T23:45:37.055+0000] {processor.py:175} INFO - Processing /opt/airflow/dags/airflow.py took 0.432 seconds
[2026-02-13T23:46:07.707+0000] {processor.py:153} INFO - Started process (PID=112) to work on /opt/airflow/dags/airflow.py
[2026-02-13T23:46:07.713+0000] {processor.py:743} INFO - Processing file /opt/airflow/dags/airflow.py for tasks to queue
[2026-02-13T23:46:07.716+0000] {logging_mixin.py:137} INFO - [2026-02-13T23:46:07.715+0000] {dagbag.py:538} INFO - Filling up the DagBag from /opt/airflow/dags/airflow.py
[2026-02-13T23:46:07.826+0000] {logging_mixin.py:137} INFO - [2026-02-13T23:46:07.814+0000] {dagbag.py:343} ERROR - Failed to import: /opt/airflow/dags/airflow.py
Traceback (most recent call last):
  File "/home/airflow/.local/lib/python3.7/site-packages/airflow/models/dagbag.py", line 339, in parse
    loader.exec_module(new_module)
  File "<frozen importlib._bootstrap_external>", line 728, in exec_module
  File "<frozen importlib._bootstrap>", line 219, in _call_with_frames_removed
  File "/opt/airflow/dags/airflow.py", line 6, in <module>
    from src.lab import load_data, data_preprocessing, build_save_model, load_model_elbow
  File "/opt/airflow/dags/src/lab.py", line 6, in <module>
    from src.lab import load_data, data_preprocessing, build_save_model, load_model_elbow
ImportError: cannot import name 'load_data' from 'src.lab' (/opt/airflow/dags/src/lab.py)
[2026-02-13T23:46:07.826+0000] {processor.py:755} WARNING - No viable dags retrieved from /opt/airflow/dags/airflow.py
[2026-02-13T23:46:07.916+0000] {processor.py:175} INFO - Processing /opt/airflow/dags/airflow.py took 0.236 seconds
[2026-02-13T23:46:38.813+0000] {processor.py:153} INFO - Started process (PID=156) to work on /opt/airflow/dags/airflow.py
[2026-02-13T23:46:38.815+0000] {processor.py:743} INFO - Processing file /opt/airflow/dags/airflow.py for tasks to queue
[2026-02-13T23:46:38.817+0000] {logging_mixin.py:137} INFO - [2026-02-13T23:46:38.817+0000] {dagbag.py:538} INFO - Filling up the DagBag from /opt/airflow/dags/airflow.py
[2026-02-13T23:46:38.875+0000] {logging_mixin.py:137} INFO - [2026-02-13T23:46:38.870+0000] {dagbag.py:343} ERROR - Failed to import: /opt/airflow/dags/airflow.py
Traceback (most recent call last):
  File "/home/airflow/.local/lib/python3.7/site-packages/airflow/models/dagbag.py", line 339, in parse
    loader.exec_module(new_module)
  File "<frozen importlib._bootstrap_external>", line 728, in exec_module
  File "<frozen importlib._bootstrap>", line 219, in _call_with_frames_removed
  File "/opt/airflow/dags/airflow.py", line 6, in <module>
    from src.lab import load_data, data_preprocessing, build_save_model, load_model_elbow
  File "/opt/airflow/dags/src/lab.py", line 6, in <module>
    from src.lab import load_data, data_preprocessing, build_save_model, load_model_elbow
ImportError: cannot import name 'load_data' from 'src.lab' (/opt/airflow/dags/src/lab.py)
[2026-02-13T23:46:38.877+0000] {processor.py:755} WARNING - No viable dags retrieved from /opt/airflow/dags/airflow.py
[2026-02-13T23:46:38.997+0000] {processor.py:175} INFO - Processing /opt/airflow/dags/airflow.py took 0.216 seconds
[2026-02-13T23:47:09.446+0000] {processor.py:153} INFO - Started process (PID=197) to work on /opt/airflow/dags/airflow.py
[2026-02-13T23:47:09.448+0000] {processor.py:743} INFO - Processing file /opt/airflow/dags/airflow.py for tasks to queue
[2026-02-13T23:47:09.449+0000] {logging_mixin.py:137} INFO - [2026-02-13T23:47:09.449+0000] {dagbag.py:538} INFO - Filling up the DagBag from /opt/airflow/dags/airflow.py
[2026-02-13T23:47:09.486+0000] {logging_mixin.py:137} INFO - [2026-02-13T23:47:09.480+0000] {dagbag.py:343} ERROR - Failed to import: /opt/airflow/dags/airflow.py
Traceback (most recent call last):
  File "/home/airflow/.local/lib/python3.7/site-packages/airflow/models/dagbag.py", line 339, in parse
    loader.exec_module(new_module)
  File "<frozen importlib._bootstrap_external>", line 728, in exec_module
  File "<frozen importlib._bootstrap>", line 219, in _call_with_frames_removed
  File "/opt/airflow/dags/airflow.py", line 6, in <module>
    from src.lab import load_data, data_preprocessing, build_save_model, load_model_elbow
  File "/opt/airflow/dags/src/lab.py", line 6, in <module>
    from src.lab import load_data, data_preprocessing, build_save_model, load_model_elbow
ImportError: cannot import name 'load_data' from 'src.lab' (/opt/airflow/dags/src/lab.py)
[2026-02-13T23:47:09.487+0000] {processor.py:755} WARNING - No viable dags retrieved from /opt/airflow/dags/airflow.py
[2026-02-13T23:47:09.528+0000] {processor.py:175} INFO - Processing /opt/airflow/dags/airflow.py took 0.088 seconds
[2026-02-13T23:47:39.745+0000] {processor.py:153} INFO - Started process (PID=231) to work on /opt/airflow/dags/airflow.py
[2026-02-13T23:47:39.747+0000] {processor.py:743} INFO - Processing file /opt/airflow/dags/airflow.py for tasks to queue
[2026-02-13T23:47:39.748+0000] {logging_mixin.py:137} INFO - [2026-02-13T23:47:39.748+0000] {dagbag.py:538} INFO - Filling up the DagBag from /opt/airflow/dags/airflow.py
[2026-02-13T23:47:39.769+0000] {logging_mixin.py:137} INFO - [2026-02-13T23:47:39.767+0000] {dagbag.py:343} ERROR - Failed to import: /opt/airflow/dags/airflow.py
Traceback (most recent call last):
  File "/home/airflow/.local/lib/python3.7/site-packages/airflow/models/dagbag.py", line 339, in parse
    loader.exec_module(new_module)
  File "<frozen importlib._bootstrap_external>", line 728, in exec_module
  File "<frozen importlib._bootstrap>", line 219, in _call_with_frames_removed
  File "/opt/airflow/dags/airflow.py", line 6, in <module>
    from src.lab import load_data, data_preprocessing, build_save_model, load_model_elbow
  File "/opt/airflow/dags/src/lab.py", line 6, in <module>
    from src.lab import load_data, data_preprocessing, build_save_model, load_model_elbow
ImportError: cannot import name 'load_data' from 'src.lab' (/opt/airflow/dags/src/lab.py)
[2026-02-13T23:47:39.769+0000] {processor.py:755} WARNING - No viable dags retrieved from /opt/airflow/dags/airflow.py
[2026-02-13T23:47:39.808+0000] {processor.py:175} INFO - Processing /opt/airflow/dags/airflow.py took 0.072 seconds
[2026-02-13T23:48:10.418+0000] {processor.py:153} INFO - Started process (PID=264) to work on /opt/airflow/dags/airflow.py
[2026-02-13T23:48:10.425+0000] {processor.py:743} INFO - Processing file /opt/airflow/dags/airflow.py for tasks to queue
[2026-02-13T23:48:10.429+0000] {logging_mixin.py:137} INFO - [2026-02-13T23:48:10.429+0000] {dagbag.py:538} INFO - Filling up the DagBag from /opt/airflow/dags/airflow.py
[2026-02-13T23:48:10.465+0000] {logging_mixin.py:137} INFO - [2026-02-13T23:48:10.461+0000] {dagbag.py:343} ERROR - Failed to import: /opt/airflow/dags/airflow.py
Traceback (most recent call last):
  File "/home/airflow/.local/lib/python3.7/site-packages/airflow/models/dagbag.py", line 339, in parse
    loader.exec_module(new_module)
  File "<frozen importlib._bootstrap_external>", line 728, in exec_module
  File "<frozen importlib._bootstrap>", line 219, in _call_with_frames_removed
  File "/opt/airflow/dags/airflow.py", line 6, in <module>
    from src.lab import load_data, data_preprocessing, build_save_model, load_model_elbow
  File "/opt/airflow/dags/src/lab.py", line 6, in <module>
    from src.lab import load_data, data_preprocessing, build_save_model, load_model_elbow
ImportError: cannot import name 'load_data' from 'src.lab' (/opt/airflow/dags/src/lab.py)
[2026-02-13T23:48:10.465+0000] {processor.py:755} WARNING - No viable dags retrieved from /opt/airflow/dags/airflow.py
[2026-02-13T23:48:10.507+0000] {processor.py:175} INFO - Processing /opt/airflow/dags/airflow.py took 0.097 seconds
[2026-02-13T23:48:40.840+0000] {processor.py:153} INFO - Started process (PID=314) to work on /opt/airflow/dags/airflow.py
[2026-02-13T23:48:40.842+0000] {processor.py:743} INFO - Processing file /opt/airflow/dags/airflow.py for tasks to queue
[2026-02-13T23:48:40.843+0000] {logging_mixin.py:137} INFO - [2026-02-13T23:48:40.843+0000] {dagbag.py:538} INFO - Filling up the DagBag from /opt/airflow/dags/airflow.py
[2026-02-13T23:48:40.864+0000] {logging_mixin.py:137} INFO - [2026-02-13T23:48:40.861+0000] {dagbag.py:343} ERROR - Failed to import: /opt/airflow/dags/airflow.py
Traceback (most recent call last):
  File "/home/airflow/.local/lib/python3.7/site-packages/airflow/models/dagbag.py", line 339, in parse
    loader.exec_module(new_module)
  File "<frozen importlib._bootstrap_external>", line 728, in exec_module
  File "<frozen importlib._bootstrap>", line 219, in _call_with_frames_removed
  File "/opt/airflow/dags/airflow.py", line 6, in <module>
    from src.lab import load_data, data_preprocessing, build_save_model, load_model_elbow
  File "/opt/airflow/dags/src/lab.py", line 6, in <module>
    from src.lab import load_data, data_preprocessing, build_save_model, load_model_elbow
ImportError: cannot import name 'load_data' from 'src.lab' (/opt/airflow/dags/src/lab.py)
[2026-02-13T23:48:40.864+0000] {processor.py:755} WARNING - No viable dags retrieved from /opt/airflow/dags/airflow.py
[2026-02-13T23:48:40.894+0000] {processor.py:175} INFO - Processing /opt/airflow/dags/airflow.py took 0.064 seconds
[2026-02-13T23:49:11.287+0000] {processor.py:153} INFO - Started process (PID=348) to work on /opt/airflow/dags/airflow.py
[2026-02-13T23:49:11.290+0000] {processor.py:743} INFO - Processing file /opt/airflow/dags/airflow.py for tasks to queue
[2026-02-13T23:49:11.293+0000] {logging_mixin.py:137} INFO - [2026-02-13T23:49:11.293+0000] {dagbag.py:538} INFO - Filling up the DagBag from /opt/airflow/dags/airflow.py
[2026-02-13T23:49:11.319+0000] {logging_mixin.py:137} INFO - [2026-02-13T23:49:11.315+0000] {dagbag.py:343} ERROR - Failed to import: /opt/airflow/dags/airflow.py
Traceback (most recent call last):
  File "/home/airflow/.local/lib/python3.7/site-packages/airflow/models/dagbag.py", line 339, in parse
    loader.exec_module(new_module)
  File "<frozen importlib._bootstrap_external>", line 728, in exec_module
  File "<frozen importlib._bootstrap>", line 219, in _call_with_frames_removed
  File "/opt/airflow/dags/airflow.py", line 6, in <module>
    from src.lab import load_data, data_preprocessing, build_save_model, load_model_elbow
  File "/opt/airflow/dags/src/lab.py", line 6, in <module>
    from src.lab import load_data, data_preprocessing, build_save_model, load_model_elbow
ImportError: cannot import name 'load_data' from 'src.lab' (/opt/airflow/dags/src/lab.py)
[2026-02-13T23:49:11.322+0000] {processor.py:755} WARNING - No viable dags retrieved from /opt/airflow/dags/airflow.py
[2026-02-13T23:49:11.369+0000] {processor.py:175} INFO - Processing /opt/airflow/dags/airflow.py took 0.092 seconds
[2026-02-13T23:49:41.706+0000] {processor.py:153} INFO - Started process (PID=398) to work on /opt/airflow/dags/airflow.py
[2026-02-13T23:49:41.708+0000] {processor.py:743} INFO - Processing file /opt/airflow/dags/airflow.py for tasks to queue
[2026-02-13T23:49:41.708+0000] {logging_mixin.py:137} INFO - [2026-02-13T23:49:41.708+0000] {dagbag.py:538} INFO - Filling up the DagBag from /opt/airflow/dags/airflow.py
[2026-02-13T23:49:41.726+0000] {logging_mixin.py:137} INFO - [2026-02-13T23:49:41.724+0000] {dagbag.py:343} ERROR - Failed to import: /opt/airflow/dags/airflow.py
Traceback (most recent call last):
  File "/home/airflow/.local/lib/python3.7/site-packages/airflow/models/dagbag.py", line 339, in parse
    loader.exec_module(new_module)
  File "<frozen importlib._bootstrap_external>", line 728, in exec_module
  File "<frozen importlib._bootstrap>", line 219, in _call_with_frames_removed
  File "/opt/airflow/dags/airflow.py", line 6, in <module>
    from src.lab import load_data, data_preprocessing, build_save_model, load_model_elbow
  File "/opt/airflow/dags/src/lab.py", line 6, in <module>
    from src.lab import load_data, data_preprocessing, build_save_model, load_model_elbow
ImportError: cannot import name 'load_data' from 'src.lab' (/opt/airflow/dags/src/lab.py)
[2026-02-13T23:49:41.726+0000] {processor.py:755} WARNING - No viable dags retrieved from /opt/airflow/dags/airflow.py
[2026-02-13T23:49:41.747+0000] {processor.py:175} INFO - Processing /opt/airflow/dags/airflow.py took 0.051 seconds
[2026-02-13T23:50:12.156+0000] {processor.py:153} INFO - Started process (PID=432) to work on /opt/airflow/dags/airflow.py
[2026-02-13T23:50:12.161+0000] {processor.py:743} INFO - Processing file /opt/airflow/dags/airflow.py for tasks to queue
[2026-02-13T23:50:12.163+0000] {logging_mixin.py:137} INFO - [2026-02-13T23:50:12.162+0000] {dagbag.py:538} INFO - Filling up the DagBag from /opt/airflow/dags/airflow.py
[2026-02-13T23:50:12.183+0000] {logging_mixin.py:137} INFO - [2026-02-13T23:50:12.181+0000] {dagbag.py:343} ERROR - Failed to import: /opt/airflow/dags/airflow.py
Traceback (most recent call last):
  File "/home/airflow/.local/lib/python3.7/site-packages/airflow/models/dagbag.py", line 339, in parse
    loader.exec_module(new_module)
  File "<frozen importlib._bootstrap_external>", line 728, in exec_module
  File "<frozen importlib._bootstrap>", line 219, in _call_with_frames_removed
  File "/opt/airflow/dags/airflow.py", line 6, in <module>
    from src.lab import load_data, data_preprocessing, build_save_model, load_model_elbow
  File "/opt/airflow/dags/src/lab.py", line 6, in <module>
    from src.lab import load_data, data_preprocessing, build_save_model, load_model_elbow
ImportError: cannot import name 'load_data' from 'src.lab' (/opt/airflow/dags/src/lab.py)
[2026-02-13T23:50:12.183+0000] {processor.py:755} WARNING - No viable dags retrieved from /opt/airflow/dags/airflow.py
[2026-02-13T23:50:12.215+0000] {processor.py:175} INFO - Processing /opt/airflow/dags/airflow.py took 0.070 seconds
[2026-02-13T23:52:03.443+0000] {processor.py:153} INFO - Started process (PID=58) to work on /opt/airflow/dags/airflow.py
[2026-02-13T23:52:03.447+0000] {processor.py:743} INFO - Processing file /opt/airflow/dags/airflow.py for tasks to queue
[2026-02-13T23:52:03.451+0000] {logging_mixin.py:137} INFO - [2026-02-13T23:52:03.451+0000] {dagbag.py:538} INFO - Filling up the DagBag from /opt/airflow/dags/airflow.py
[2026-02-13T23:52:03.490+0000] {logging_mixin.py:137} INFO - [2026-02-13T23:52:03.480+0000] {dagbag.py:343} ERROR - Failed to import: /opt/airflow/dags/airflow.py
Traceback (most recent call last):
  File "/home/airflow/.local/lib/python3.7/site-packages/airflow/models/dagbag.py", line 339, in parse
    loader.exec_module(new_module)
  File "<frozen importlib._bootstrap_external>", line 728, in exec_module
  File "<frozen importlib._bootstrap>", line 219, in _call_with_frames_removed
  File "/opt/airflow/dags/airflow.py", line 6, in <module>
    from src.lab import load_data, data_preprocessing, build_save_model, load_model_elbow
  File "/opt/airflow/dags/src/lab.py", line 6, in <module>
    from src.lab import load_data, data_preprocessing, build_save_model, load_model_elbow
ImportError: cannot import name 'load_data' from 'src.lab' (/opt/airflow/dags/src/lab.py)
[2026-02-13T23:52:03.492+0000] {processor.py:755} WARNING - No viable dags retrieved from /opt/airflow/dags/airflow.py
[2026-02-13T23:52:03.565+0000] {processor.py:175} INFO - Processing /opt/airflow/dags/airflow.py took 0.126 seconds
[2026-02-13T23:52:34.475+0000] {processor.py:153} INFO - Started process (PID=92) to work on /opt/airflow/dags/airflow.py
[2026-02-13T23:52:34.479+0000] {processor.py:743} INFO - Processing file /opt/airflow/dags/airflow.py for tasks to queue
[2026-02-13T23:52:34.485+0000] {logging_mixin.py:137} INFO - [2026-02-13T23:52:34.484+0000] {dagbag.py:538} INFO - Filling up the DagBag from /opt/airflow/dags/airflow.py
[2026-02-13T23:52:34.582+0000] {logging_mixin.py:137} INFO - [2026-02-13T23:52:34.571+0000] {dagbag.py:343} ERROR - Failed to import: /opt/airflow/dags/airflow.py
Traceback (most recent call last):
  File "/home/airflow/.local/lib/python3.7/site-packages/airflow/models/dagbag.py", line 339, in parse
    loader.exec_module(new_module)
  File "<frozen importlib._bootstrap_external>", line 728, in exec_module
  File "<frozen importlib._bootstrap>", line 219, in _call_with_frames_removed
  File "/opt/airflow/dags/airflow.py", line 6, in <module>
    from src.lab import load_data, data_preprocessing, build_save_model, load_model_elbow
  File "/opt/airflow/dags/src/lab.py", line 6, in <module>
    from src.lab import load_data, data_preprocessing, build_save_model, load_model_elbow
ImportError: cannot import name 'load_data' from 'src.lab' (/opt/airflow/dags/src/lab.py)
[2026-02-13T23:52:34.584+0000] {processor.py:755} WARNING - No viable dags retrieved from /opt/airflow/dags/airflow.py
[2026-02-13T23:52:34.654+0000] {processor.py:175} INFO - Processing /opt/airflow/dags/airflow.py took 0.210 seconds
[2026-02-13T23:53:05.239+0000] {processor.py:153} INFO - Started process (PID=126) to work on /opt/airflow/dags/airflow.py
[2026-02-13T23:53:05.244+0000] {processor.py:743} INFO - Processing file /opt/airflow/dags/airflow.py for tasks to queue
[2026-02-13T23:53:05.246+0000] {logging_mixin.py:137} INFO - [2026-02-13T23:53:05.246+0000] {dagbag.py:538} INFO - Filling up the DagBag from /opt/airflow/dags/airflow.py
[2026-02-13T23:53:05.309+0000] {logging_mixin.py:137} INFO - [2026-02-13T23:53:05.301+0000] {dagbag.py:343} ERROR - Failed to import: /opt/airflow/dags/airflow.py
Traceback (most recent call last):
  File "/home/airflow/.local/lib/python3.7/site-packages/airflow/models/dagbag.py", line 339, in parse
    loader.exec_module(new_module)
  File "<frozen importlib._bootstrap_external>", line 728, in exec_module
  File "<frozen importlib._bootstrap>", line 219, in _call_with_frames_removed
  File "/opt/airflow/dags/airflow.py", line 6, in <module>
    from src.lab import load_data, data_preprocessing, build_save_model, load_model_elbow
  File "/opt/airflow/dags/src/lab.py", line 6, in <module>
    from src.lab import load_data, data_preprocessing, build_save_model, load_model_elbow
ImportError: cannot import name 'load_data' from 'src.lab' (/opt/airflow/dags/src/lab.py)
[2026-02-13T23:53:05.310+0000] {processor.py:755} WARNING - No viable dags retrieved from /opt/airflow/dags/airflow.py
[2026-02-13T23:53:05.427+0000] {processor.py:175} INFO - Processing /opt/airflow/dags/airflow.py took 0.206 seconds
[2026-02-13T23:53:36.161+0000] {processor.py:153} INFO - Started process (PID=160) to work on /opt/airflow/dags/airflow.py
[2026-02-13T23:53:36.167+0000] {processor.py:743} INFO - Processing file /opt/airflow/dags/airflow.py for tasks to queue
[2026-02-13T23:53:36.168+0000] {logging_mixin.py:137} INFO - [2026-02-13T23:53:36.167+0000] {dagbag.py:538} INFO - Filling up the DagBag from /opt/airflow/dags/airflow.py
[2026-02-13T23:53:36.199+0000] {logging_mixin.py:137} INFO - [2026-02-13T23:53:36.196+0000] {dagbag.py:343} ERROR - Failed to import: /opt/airflow/dags/airflow.py
Traceback (most recent call last):
  File "/home/airflow/.local/lib/python3.7/site-packages/airflow/models/dagbag.py", line 339, in parse
    loader.exec_module(new_module)
  File "<frozen importlib._bootstrap_external>", line 728, in exec_module
  File "<frozen importlib._bootstrap>", line 219, in _call_with_frames_removed
  File "/opt/airflow/dags/airflow.py", line 6, in <module>
    from src.lab import load_data, data_preprocessing, build_save_model, load_model_elbow
  File "/opt/airflow/dags/src/lab.py", line 6, in <module>
    from src.lab import load_data, data_preprocessing, build_save_model, load_model_elbow
ImportError: cannot import name 'load_data' from 'src.lab' (/opt/airflow/dags/src/lab.py)
[2026-02-13T23:53:36.202+0000] {processor.py:755} WARNING - No viable dags retrieved from /opt/airflow/dags/airflow.py
[2026-02-13T23:53:36.232+0000] {processor.py:175} INFO - Processing /opt/airflow/dags/airflow.py took 0.082 seconds
[2026-02-13T23:54:06.987+0000] {processor.py:153} INFO - Started process (PID=200) to work on /opt/airflow/dags/airflow.py
[2026-02-13T23:54:06.992+0000] {processor.py:743} INFO - Processing file /opt/airflow/dags/airflow.py for tasks to queue
[2026-02-13T23:54:06.993+0000] {logging_mixin.py:137} INFO - [2026-02-13T23:54:06.993+0000] {dagbag.py:538} INFO - Filling up the DagBag from /opt/airflow/dags/airflow.py
[2026-02-13T23:54:07.016+0000] {logging_mixin.py:137} INFO - [2026-02-13T23:54:07.014+0000] {dagbag.py:343} ERROR - Failed to import: /opt/airflow/dags/airflow.py
Traceback (most recent call last):
  File "/home/airflow/.local/lib/python3.7/site-packages/airflow/models/dagbag.py", line 339, in parse
    loader.exec_module(new_module)
  File "<frozen importlib._bootstrap_external>", line 728, in exec_module
  File "<frozen importlib._bootstrap>", line 219, in _call_with_frames_removed
  File "/opt/airflow/dags/airflow.py", line 6, in <module>
    from src.lab import load_data, data_preprocessing, build_save_model, load_model_elbow
  File "/opt/airflow/dags/src/lab.py", line 6, in <module>
    from src.lab import load_data, data_preprocessing, build_save_model, load_model_elbow
ImportError: cannot import name 'load_data' from 'src.lab' (/opt/airflow/dags/src/lab.py)
[2026-02-13T23:54:07.019+0000] {processor.py:755} WARNING - No viable dags retrieved from /opt/airflow/dags/airflow.py
[2026-02-13T23:54:07.056+0000] {processor.py:175} INFO - Processing /opt/airflow/dags/airflow.py took 0.081 seconds
[2026-02-13T23:54:37.446+0000] {processor.py:153} INFO - Started process (PID=244) to work on /opt/airflow/dags/airflow.py
[2026-02-13T23:54:37.449+0000] {processor.py:743} INFO - Processing file /opt/airflow/dags/airflow.py for tasks to queue
[2026-02-13T23:54:37.450+0000] {logging_mixin.py:137} INFO - [2026-02-13T23:54:37.450+0000] {dagbag.py:538} INFO - Filling up the DagBag from /opt/airflow/dags/airflow.py
[2026-02-13T23:54:37.478+0000] {logging_mixin.py:137} INFO - [2026-02-13T23:54:37.475+0000] {dagbag.py:343} ERROR - Failed to import: /opt/airflow/dags/airflow.py
Traceback (most recent call last):
  File "/home/airflow/.local/lib/python3.7/site-packages/airflow/models/dagbag.py", line 339, in parse
    loader.exec_module(new_module)
  File "<frozen importlib._bootstrap_external>", line 728, in exec_module
  File "<frozen importlib._bootstrap>", line 219, in _call_with_frames_removed
  File "/opt/airflow/dags/airflow.py", line 6, in <module>
    from src.lab import load_data, data_preprocessing, build_save_model, load_model_elbow
  File "/opt/airflow/dags/src/lab.py", line 6, in <module>
    from src.lab import load_data, data_preprocessing, build_save_model, load_model_elbow
ImportError: cannot import name 'load_data' from 'src.lab' (/opt/airflow/dags/src/lab.py)
[2026-02-13T23:54:37.479+0000] {processor.py:755} WARNING - No viable dags retrieved from /opt/airflow/dags/airflow.py
[2026-02-13T23:54:37.515+0000] {processor.py:175} INFO - Processing /opt/airflow/dags/airflow.py took 0.078 seconds
[2026-02-13T23:55:08.261+0000] {processor.py:153} INFO - Started process (PID=279) to work on /opt/airflow/dags/airflow.py
[2026-02-13T23:55:08.263+0000] {processor.py:743} INFO - Processing file /opt/airflow/dags/airflow.py for tasks to queue
[2026-02-13T23:55:08.265+0000] {logging_mixin.py:137} INFO - [2026-02-13T23:55:08.265+0000] {dagbag.py:538} INFO - Filling up the DagBag from /opt/airflow/dags/airflow.py
[2026-02-13T23:55:12.467+0000] {logging_mixin.py:137} INFO - [2026-02-13T23:55:12.467+0000] {taskmixin.py:205} WARNING - Dependency <Task(PythonOperator): load_data_task>, data_preprocessing_task already registered for DAG: Server_Workload_Clustering
[2026-02-13T23:55:12.468+0000] {logging_mixin.py:137} INFO - [2026-02-13T23:55:12.468+0000] {taskmixin.py:205} WARNING - Dependency <Task(PythonOperator): data_preprocessing_task>, load_data_task already registered for DAG: Server_Workload_Clustering
[2026-02-13T23:55:12.468+0000] {logging_mixin.py:137} INFO - [2026-02-13T23:55:12.468+0000] {taskmixin.py:205} WARNING - Dependency <Task(PythonOperator): data_preprocessing_task>, build_save_model_task already registered for DAG: Server_Workload_Clustering
[2026-02-13T23:55:12.469+0000] {logging_mixin.py:137} INFO - [2026-02-13T23:55:12.469+0000] {taskmixin.py:205} WARNING - Dependency <Task(PythonOperator): build_save_model_task>, data_preprocessing_task already registered for DAG: Server_Workload_Clustering
[2026-02-13T23:55:12.469+0000] {logging_mixin.py:137} INFO - [2026-02-13T23:55:12.469+0000] {taskmixin.py:205} WARNING - Dependency <Task(PythonOperator): build_save_model_task>, load_model_task already registered for DAG: Server_Workload_Clustering
[2026-02-13T23:55:12.469+0000] {logging_mixin.py:137} INFO - [2026-02-13T23:55:12.469+0000] {taskmixin.py:205} WARNING - Dependency <Task(PythonOperator): load_model_task>, build_save_model_task already registered for DAG: Server_Workload_Clustering
[2026-02-13T23:55:12.492+0000] {processor.py:753} INFO - DAG(s) dict_keys(['Server_Workload_Clustering']) retrieved from /opt/airflow/dags/airflow.py
[2026-02-13T23:55:12.804+0000] {logging_mixin.py:137} INFO - [2026-02-13T23:55:12.802+0000] {manager.py:504} INFO - Created Permission View: can delete on DAG:Server_Workload_Clustering
[2026-02-13T23:55:12.813+0000] {logging_mixin.py:137} INFO - [2026-02-13T23:55:12.812+0000] {manager.py:504} INFO - Created Permission View: can edit on DAG:Server_Workload_Clustering
[2026-02-13T23:55:12.816+0000] {logging_mixin.py:137} INFO - [2026-02-13T23:55:12.816+0000] {manager.py:504} INFO - Created Permission View: can read on DAG:Server_Workload_Clustering
[2026-02-13T23:55:12.817+0000] {logging_mixin.py:137} INFO - [2026-02-13T23:55:12.816+0000] {dag.py:2690} INFO - Sync 1 DAGs
[2026-02-13T23:55:12.829+0000] {logging_mixin.py:137} INFO - [2026-02-13T23:55:12.828+0000] {dag.py:2711} INFO - Creating ORM DAG for Server_Workload_Clustering
[2026-02-13T23:55:12.842+0000] {logging_mixin.py:137} INFO - [2026-02-13T23:55:12.841+0000] {dag.py:3441} INFO - Setting next_dagrun for Server_Workload_Clustering to 2026-02-12T06:00:00+00:00, run_after=2026-02-13T06:00:00+00:00
[2026-02-13T23:55:12.863+0000] {processor.py:175} INFO - Processing /opt/airflow/dags/airflow.py took 4.608 seconds
[2026-02-13T23:55:43.164+0000] {processor.py:153} INFO - Started process (PID=330) to work on /opt/airflow/dags/airflow.py
[2026-02-13T23:55:43.166+0000] {processor.py:743} INFO - Processing file /opt/airflow/dags/airflow.py for tasks to queue
[2026-02-13T23:55:43.167+0000] {logging_mixin.py:137} INFO - [2026-02-13T23:55:43.167+0000] {dagbag.py:538} INFO - Filling up the DagBag from /opt/airflow/dags/airflow.py
[2026-02-13T23:55:44.504+0000] {logging_mixin.py:137} INFO - [2026-02-13T23:55:44.504+0000] {taskmixin.py:205} WARNING - Dependency <Task(PythonOperator): load_data_task>, data_preprocessing_task already registered for DAG: Server_Workload_Clustering
[2026-02-13T23:55:44.504+0000] {logging_mixin.py:137} INFO - [2026-02-13T23:55:44.504+0000] {taskmixin.py:205} WARNING - Dependency <Task(PythonOperator): data_preprocessing_task>, load_data_task already registered for DAG: Server_Workload_Clustering
[2026-02-13T23:55:44.505+0000] {logging_mixin.py:137} INFO - [2026-02-13T23:55:44.505+0000] {taskmixin.py:205} WARNING - Dependency <Task(PythonOperator): data_preprocessing_task>, build_save_model_task already registered for DAG: Server_Workload_Clustering
[2026-02-13T23:55:44.505+0000] {logging_mixin.py:137} INFO - [2026-02-13T23:55:44.505+0000] {taskmixin.py:205} WARNING - Dependency <Task(PythonOperator): build_save_model_task>, data_preprocessing_task already registered for DAG: Server_Workload_Clustering
[2026-02-13T23:55:44.505+0000] {logging_mixin.py:137} INFO - [2026-02-13T23:55:44.505+0000] {taskmixin.py:205} WARNING - Dependency <Task(PythonOperator): build_save_model_task>, load_model_task already registered for DAG: Server_Workload_Clustering
[2026-02-13T23:55:44.505+0000] {logging_mixin.py:137} INFO - [2026-02-13T23:55:44.505+0000] {taskmixin.py:205} WARNING - Dependency <Task(PythonOperator): load_model_task>, build_save_model_task already registered for DAG: Server_Workload_Clustering
[2026-02-13T23:55:44.511+0000] {processor.py:753} INFO - DAG(s) dict_keys(['Server_Workload_Clustering']) retrieved from /opt/airflow/dags/airflow.py
[2026-02-13T23:55:44.538+0000] {logging_mixin.py:137} INFO - [2026-02-13T23:55:44.537+0000] {dag.py:2690} INFO - Sync 1 DAGs
[2026-02-13T23:55:44.560+0000] {logging_mixin.py:137} INFO - [2026-02-13T23:55:44.560+0000] {dag.py:3441} INFO - Setting next_dagrun for Server_Workload_Clustering to 2026-02-12T06:00:00+00:00, run_after=2026-02-13T06:00:00+00:00
[2026-02-13T23:55:44.572+0000] {processor.py:175} INFO - Processing /opt/airflow/dags/airflow.py took 1.413 seconds
[2026-02-13T23:56:15.312+0000] {processor.py:153} INFO - Started process (PID=377) to work on /opt/airflow/dags/airflow.py
[2026-02-13T23:56:15.322+0000] {processor.py:743} INFO - Processing file /opt/airflow/dags/airflow.py for tasks to queue
[2026-02-13T23:56:15.324+0000] {logging_mixin.py:137} INFO - [2026-02-13T23:56:15.324+0000] {dagbag.py:538} INFO - Filling up the DagBag from /opt/airflow/dags/airflow.py
[2026-02-13T23:56:18.950+0000] {logging_mixin.py:137} INFO - [2026-02-13T23:56:18.947+0000] {taskmixin.py:205} WARNING - Dependency <Task(PythonOperator): load_data_task>, data_preprocessing_task already registered for DAG: Server_Workload_Clustering
[2026-02-13T23:56:18.951+0000] {logging_mixin.py:137} INFO - [2026-02-13T23:56:18.951+0000] {taskmixin.py:205} WARNING - Dependency <Task(PythonOperator): data_preprocessing_task>, load_data_task already registered for DAG: Server_Workload_Clustering
[2026-02-13T23:56:18.951+0000] {logging_mixin.py:137} INFO - [2026-02-13T23:56:18.951+0000] {taskmixin.py:205} WARNING - Dependency <Task(PythonOperator): data_preprocessing_task>, build_save_model_task already registered for DAG: Server_Workload_Clustering
[2026-02-13T23:56:18.952+0000] {logging_mixin.py:137} INFO - [2026-02-13T23:56:18.952+0000] {taskmixin.py:205} WARNING - Dependency <Task(PythonOperator): build_save_model_task>, data_preprocessing_task already registered for DAG: Server_Workload_Clustering
[2026-02-13T23:56:18.952+0000] {logging_mixin.py:137} INFO - [2026-02-13T23:56:18.952+0000] {taskmixin.py:205} WARNING - Dependency <Task(PythonOperator): build_save_model_task>, load_model_task already registered for DAG: Server_Workload_Clustering
[2026-02-13T23:56:18.953+0000] {logging_mixin.py:137} INFO - [2026-02-13T23:56:18.952+0000] {taskmixin.py:205} WARNING - Dependency <Task(PythonOperator): load_model_task>, build_save_model_task already registered for DAG: Server_Workload_Clustering
[2026-02-13T23:56:18.979+0000] {processor.py:753} INFO - DAG(s) dict_keys(['Server_Workload_Clustering']) retrieved from /opt/airflow/dags/airflow.py
[2026-02-13T23:56:19.064+0000] {logging_mixin.py:137} INFO - [2026-02-13T23:56:19.063+0000] {dag.py:2690} INFO - Sync 1 DAGs
[2026-02-13T23:56:19.120+0000] {logging_mixin.py:137} INFO - [2026-02-13T23:56:19.119+0000] {dag.py:3441} INFO - Setting next_dagrun for Server_Workload_Clustering to 2026-02-13T06:00:00+00:00, run_after=2026-02-14T06:00:00+00:00
[2026-02-13T23:56:19.182+0000] {processor.py:175} INFO - Processing /opt/airflow/dags/airflow.py took 3.887 seconds
[2026-02-13T23:56:49.534+0000] {processor.py:153} INFO - Started process (PID=420) to work on /opt/airflow/dags/airflow.py
[2026-02-13T23:56:49.536+0000] {processor.py:743} INFO - Processing file /opt/airflow/dags/airflow.py for tasks to queue
[2026-02-13T23:56:49.538+0000] {logging_mixin.py:137} INFO - [2026-02-13T23:56:49.538+0000] {dagbag.py:538} INFO - Filling up the DagBag from /opt/airflow/dags/airflow.py
[2026-02-13T23:56:50.992+0000] {logging_mixin.py:137} INFO - [2026-02-13T23:56:50.992+0000] {taskmixin.py:205} WARNING - Dependency <Task(PythonOperator): load_data_task>, data_preprocessing_task already registered for DAG: Server_Workload_Clustering
[2026-02-13T23:56:50.993+0000] {logging_mixin.py:137} INFO - [2026-02-13T23:56:50.993+0000] {taskmixin.py:205} WARNING - Dependency <Task(PythonOperator): data_preprocessing_task>, load_data_task already registered for DAG: Server_Workload_Clustering
[2026-02-13T23:56:50.993+0000] {logging_mixin.py:137} INFO - [2026-02-13T23:56:50.993+0000] {taskmixin.py:205} WARNING - Dependency <Task(PythonOperator): data_preprocessing_task>, build_save_model_task already registered for DAG: Server_Workload_Clustering
[2026-02-13T23:56:50.993+0000] {logging_mixin.py:137} INFO - [2026-02-13T23:56:50.993+0000] {taskmixin.py:205} WARNING - Dependency <Task(PythonOperator): build_save_model_task>, data_preprocessing_task already registered for DAG: Server_Workload_Clustering
[2026-02-13T23:56:50.993+0000] {logging_mixin.py:137} INFO - [2026-02-13T23:56:50.993+0000] {taskmixin.py:205} WARNING - Dependency <Task(PythonOperator): build_save_model_task>, load_model_task already registered for DAG: Server_Workload_Clustering
[2026-02-13T23:56:50.993+0000] {logging_mixin.py:137} INFO - [2026-02-13T23:56:50.993+0000] {taskmixin.py:205} WARNING - Dependency <Task(PythonOperator): load_model_task>, build_save_model_task already registered for DAG: Server_Workload_Clustering
[2026-02-13T23:56:50.999+0000] {processor.py:753} INFO - DAG(s) dict_keys(['Server_Workload_Clustering']) retrieved from /opt/airflow/dags/airflow.py
[2026-02-13T23:56:51.040+0000] {logging_mixin.py:137} INFO - [2026-02-13T23:56:51.039+0000] {dag.py:2690} INFO - Sync 1 DAGs
[2026-02-13T23:56:51.060+0000] {logging_mixin.py:137} INFO - [2026-02-13T23:56:51.060+0000] {dag.py:3441} INFO - Setting next_dagrun for Server_Workload_Clustering to 2026-02-13T06:00:00+00:00, run_after=2026-02-14T06:00:00+00:00
[2026-02-13T23:56:51.071+0000] {processor.py:175} INFO - Processing /opt/airflow/dags/airflow.py took 1.543 seconds
[2026-02-13T23:57:21.479+0000] {processor.py:153} INFO - Started process (PID=462) to work on /opt/airflow/dags/airflow.py
[2026-02-13T23:57:21.496+0000] {processor.py:743} INFO - Processing file /opt/airflow/dags/airflow.py for tasks to queue
[2026-02-13T23:57:21.514+0000] {logging_mixin.py:137} INFO - [2026-02-13T23:57:21.512+0000] {dagbag.py:538} INFO - Filling up the DagBag from /opt/airflow/dags/airflow.py
[2026-02-13T23:57:26.166+0000] {logging_mixin.py:137} INFO - [2026-02-13T23:57:26.159+0000] {taskmixin.py:205} WARNING - Dependency <Task(PythonOperator): load_data_task>, data_preprocessing_task already registered for DAG: Server_Workload_Clustering
[2026-02-13T23:57:26.183+0000] {logging_mixin.py:137} INFO - [2026-02-13T23:57:26.178+0000] {taskmixin.py:205} WARNING - Dependency <Task(PythonOperator): data_preprocessing_task>, load_data_task already registered for DAG: Server_Workload_Clustering
[2026-02-13T23:57:26.200+0000] {logging_mixin.py:137} INFO - [2026-02-13T23:57:26.200+0000] {taskmixin.py:205} WARNING - Dependency <Task(PythonOperator): data_preprocessing_task>, build_save_model_task already registered for DAG: Server_Workload_Clustering
[2026-02-13T23:57:26.202+0000] {logging_mixin.py:137} INFO - [2026-02-13T23:57:26.202+0000] {taskmixin.py:205} WARNING - Dependency <Task(PythonOperator): build_save_model_task>, data_preprocessing_task already registered for DAG: Server_Workload_Clustering
[2026-02-13T23:57:26.207+0000] {logging_mixin.py:137} INFO - [2026-02-13T23:57:26.207+0000] {taskmixin.py:205} WARNING - Dependency <Task(PythonOperator): build_save_model_task>, load_model_task already registered for DAG: Server_Workload_Clustering
[2026-02-13T23:57:26.217+0000] {logging_mixin.py:137} INFO - [2026-02-13T23:57:26.216+0000] {taskmixin.py:205} WARNING - Dependency <Task(PythonOperator): load_model_task>, build_save_model_task already registered for DAG: Server_Workload_Clustering
[2026-02-13T23:57:26.457+0000] {processor.py:753} INFO - DAG(s) dict_keys(['Server_Workload_Clustering']) retrieved from /opt/airflow/dags/airflow.py
[2026-02-13T23:57:26.657+0000] {logging_mixin.py:137} INFO - [2026-02-13T23:57:26.654+0000] {dag.py:2690} INFO - Sync 1 DAGs
[2026-02-13T23:57:26.845+0000] {logging_mixin.py:137} INFO - [2026-02-13T23:57:26.842+0000] {dag.py:3441} INFO - Setting next_dagrun for Server_Workload_Clustering to 2026-02-13T06:00:00+00:00, run_after=2026-02-14T06:00:00+00:00
[2026-02-13T23:57:26.946+0000] {processor.py:175} INFO - Processing /opt/airflow/dags/airflow.py took 5.528 seconds
[2026-02-13T23:57:57.595+0000] {processor.py:153} INFO - Started process (PID=506) to work on /opt/airflow/dags/airflow.py
[2026-02-13T23:57:57.596+0000] {processor.py:743} INFO - Processing file /opt/airflow/dags/airflow.py for tasks to queue
[2026-02-13T23:57:57.597+0000] {logging_mixin.py:137} INFO - [2026-02-13T23:57:57.597+0000] {dagbag.py:538} INFO - Filling up the DagBag from /opt/airflow/dags/airflow.py
[2026-02-13T23:57:58.595+0000] {logging_mixin.py:137} INFO - [2026-02-13T23:57:58.595+0000] {taskmixin.py:205} WARNING - Dependency <Task(PythonOperator): load_data_task>, data_preprocessing_task already registered for DAG: Server_Workload_Clustering
[2026-02-13T23:57:58.596+0000] {logging_mixin.py:137} INFO - [2026-02-13T23:57:58.595+0000] {taskmixin.py:205} WARNING - Dependency <Task(PythonOperator): data_preprocessing_task>, load_data_task already registered for DAG: Server_Workload_Clustering
[2026-02-13T23:57:58.596+0000] {logging_mixin.py:137} INFO - [2026-02-13T23:57:58.596+0000] {taskmixin.py:205} WARNING - Dependency <Task(PythonOperator): data_preprocessing_task>, build_save_model_task already registered for DAG: Server_Workload_Clustering
[2026-02-13T23:57:58.596+0000] {logging_mixin.py:137} INFO - [2026-02-13T23:57:58.596+0000] {taskmixin.py:205} WARNING - Dependency <Task(PythonOperator): build_save_model_task>, data_preprocessing_task already registered for DAG: Server_Workload_Clustering
[2026-02-13T23:57:58.596+0000] {logging_mixin.py:137} INFO - [2026-02-13T23:57:58.596+0000] {taskmixin.py:205} WARNING - Dependency <Task(PythonOperator): build_save_model_task>, load_model_task already registered for DAG: Server_Workload_Clustering
[2026-02-13T23:57:58.596+0000] {logging_mixin.py:137} INFO - [2026-02-13T23:57:58.596+0000] {taskmixin.py:205} WARNING - Dependency <Task(PythonOperator): load_model_task>, build_save_model_task already registered for DAG: Server_Workload_Clustering
[2026-02-13T23:57:58.602+0000] {processor.py:753} INFO - DAG(s) dict_keys(['Server_Workload_Clustering']) retrieved from /opt/airflow/dags/airflow.py
[2026-02-13T23:57:58.642+0000] {logging_mixin.py:137} INFO - [2026-02-13T23:57:58.642+0000] {dag.py:2690} INFO - Sync 1 DAGs
[2026-02-13T23:57:58.664+0000] {logging_mixin.py:137} INFO - [2026-02-13T23:57:58.663+0000] {dag.py:3441} INFO - Setting next_dagrun for Server_Workload_Clustering to 2026-02-13T06:00:00+00:00, run_after=2026-02-14T06:00:00+00:00
[2026-02-13T23:57:58.678+0000] {processor.py:175} INFO - Processing /opt/airflow/dags/airflow.py took 1.093 seconds
[2026-02-13T23:58:28.951+0000] {processor.py:153} INFO - Started process (PID=549) to work on /opt/airflow/dags/airflow.py
[2026-02-13T23:58:28.953+0000] {processor.py:743} INFO - Processing file /opt/airflow/dags/airflow.py for tasks to queue
[2026-02-13T23:58:28.954+0000] {logging_mixin.py:137} INFO - [2026-02-13T23:58:28.954+0000] {dagbag.py:538} INFO - Filling up the DagBag from /opt/airflow/dags/airflow.py
[2026-02-13T23:58:30.137+0000] {logging_mixin.py:137} INFO - [2026-02-13T23:58:30.136+0000] {taskmixin.py:205} WARNING - Dependency <Task(PythonOperator): load_data_task>, data_preprocessing_task already registered for DAG: Server_Workload_Clustering
[2026-02-13T23:58:30.138+0000] {logging_mixin.py:137} INFO - [2026-02-13T23:58:30.138+0000] {taskmixin.py:205} WARNING - Dependency <Task(PythonOperator): data_preprocessing_task>, load_data_task already registered for DAG: Server_Workload_Clustering
[2026-02-13T23:58:30.138+0000] {logging_mixin.py:137} INFO - [2026-02-13T23:58:30.138+0000] {taskmixin.py:205} WARNING - Dependency <Task(PythonOperator): data_preprocessing_task>, build_save_model_task already registered for DAG: Server_Workload_Clustering
[2026-02-13T23:58:30.139+0000] {logging_mixin.py:137} INFO - [2026-02-13T23:58:30.139+0000] {taskmixin.py:205} WARNING - Dependency <Task(PythonOperator): build_save_model_task>, data_preprocessing_task already registered for DAG: Server_Workload_Clustering
[2026-02-13T23:58:30.139+0000] {logging_mixin.py:137} INFO - [2026-02-13T23:58:30.139+0000] {taskmixin.py:205} WARNING - Dependency <Task(PythonOperator): build_save_model_task>, load_model_task already registered for DAG: Server_Workload_Clustering
[2026-02-13T23:58:30.139+0000] {logging_mixin.py:137} INFO - [2026-02-13T23:58:30.139+0000] {taskmixin.py:205} WARNING - Dependency <Task(PythonOperator): load_model_task>, build_save_model_task already registered for DAG: Server_Workload_Clustering
[2026-02-13T23:58:30.149+0000] {processor.py:753} INFO - DAG(s) dict_keys(['Server_Workload_Clustering']) retrieved from /opt/airflow/dags/airflow.py
[2026-02-13T23:58:30.205+0000] {logging_mixin.py:137} INFO - [2026-02-13T23:58:30.204+0000] {dag.py:2690} INFO - Sync 1 DAGs
[2026-02-13T23:58:30.239+0000] {logging_mixin.py:137} INFO - [2026-02-13T23:58:30.239+0000] {dag.py:3441} INFO - Setting next_dagrun for Server_Workload_Clustering to 2026-02-13T06:00:00+00:00, run_after=2026-02-14T06:00:00+00:00
[2026-02-13T23:58:30.266+0000] {processor.py:175} INFO - Processing /opt/airflow/dags/airflow.py took 1.317 seconds
[2026-02-13T23:59:00.344+0000] {processor.py:153} INFO - Started process (PID=590) to work on /opt/airflow/dags/airflow.py
[2026-02-13T23:59:00.346+0000] {processor.py:743} INFO - Processing file /opt/airflow/dags/airflow.py for tasks to queue
[2026-02-13T23:59:00.347+0000] {logging_mixin.py:137} INFO - [2026-02-13T23:59:00.347+0000] {dagbag.py:538} INFO - Filling up the DagBag from /opt/airflow/dags/airflow.py
[2026-02-13T23:59:01.619+0000] {logging_mixin.py:137} INFO - [2026-02-13T23:59:01.619+0000] {taskmixin.py:205} WARNING - Dependency <Task(PythonOperator): load_data_task>, data_preprocessing_task already registered for DAG: Server_Workload_Clustering
[2026-02-13T23:59:01.620+0000] {logging_mixin.py:137} INFO - [2026-02-13T23:59:01.620+0000] {taskmixin.py:205} WARNING - Dependency <Task(PythonOperator): data_preprocessing_task>, load_data_task already registered for DAG: Server_Workload_Clustering
[2026-02-13T23:59:01.620+0000] {logging_mixin.py:137} INFO - [2026-02-13T23:59:01.620+0000] {taskmixin.py:205} WARNING - Dependency <Task(PythonOperator): data_preprocessing_task>, build_save_model_task already registered for DAG: Server_Workload_Clustering
[2026-02-13T23:59:01.620+0000] {logging_mixin.py:137} INFO - [2026-02-13T23:59:01.620+0000] {taskmixin.py:205} WARNING - Dependency <Task(PythonOperator): build_save_model_task>, data_preprocessing_task already registered for DAG: Server_Workload_Clustering
[2026-02-13T23:59:01.621+0000] {logging_mixin.py:137} INFO - [2026-02-13T23:59:01.620+0000] {taskmixin.py:205} WARNING - Dependency <Task(PythonOperator): build_save_model_task>, load_model_task already registered for DAG: Server_Workload_Clustering
[2026-02-13T23:59:01.621+0000] {logging_mixin.py:137} INFO - [2026-02-13T23:59:01.621+0000] {taskmixin.py:205} WARNING - Dependency <Task(PythonOperator): load_model_task>, build_save_model_task already registered for DAG: Server_Workload_Clustering
[2026-02-13T23:59:01.630+0000] {processor.py:753} INFO - DAG(s) dict_keys(['Server_Workload_Clustering']) retrieved from /opt/airflow/dags/airflow.py
[2026-02-13T23:59:01.661+0000] {logging_mixin.py:137} INFO - [2026-02-13T23:59:01.661+0000] {dag.py:2690} INFO - Sync 1 DAGs
[2026-02-13T23:59:01.681+0000] {logging_mixin.py:137} INFO - [2026-02-13T23:59:01.681+0000] {dag.py:3441} INFO - Setting next_dagrun for Server_Workload_Clustering to 2026-02-13T06:00:00+00:00, run_after=2026-02-14T06:00:00+00:00
[2026-02-13T23:59:01.695+0000] {processor.py:175} INFO - Processing /opt/airflow/dags/airflow.py took 1.368 seconds
[2026-02-13T23:59:31.960+0000] {processor.py:153} INFO - Started process (PID=640) to work on /opt/airflow/dags/airflow.py
[2026-02-13T23:59:31.963+0000] {processor.py:743} INFO - Processing file /opt/airflow/dags/airflow.py for tasks to queue
[2026-02-13T23:59:31.963+0000] {logging_mixin.py:137} INFO - [2026-02-13T23:59:31.963+0000] {dagbag.py:538} INFO - Filling up the DagBag from /opt/airflow/dags/airflow.py
[2026-02-13T23:59:32.758+0000] {logging_mixin.py:137} INFO - [2026-02-13T23:59:32.758+0000] {taskmixin.py:205} WARNING - Dependency <Task(PythonOperator): load_data_task>, data_preprocessing_task already registered for DAG: Server_Workload_Clustering
[2026-02-13T23:59:32.758+0000] {logging_mixin.py:137} INFO - [2026-02-13T23:59:32.758+0000] {taskmixin.py:205} WARNING - Dependency <Task(PythonOperator): data_preprocessing_task>, load_data_task already registered for DAG: Server_Workload_Clustering
[2026-02-13T23:59:32.758+0000] {logging_mixin.py:137} INFO - [2026-02-13T23:59:32.758+0000] {taskmixin.py:205} WARNING - Dependency <Task(PythonOperator): data_preprocessing_task>, build_save_model_task already registered for DAG: Server_Workload_Clustering
[2026-02-13T23:59:32.758+0000] {logging_mixin.py:137} INFO - [2026-02-13T23:59:32.758+0000] {taskmixin.py:205} WARNING - Dependency <Task(PythonOperator): build_save_model_task>, data_preprocessing_task already registered for DAG: Server_Workload_Clustering
[2026-02-13T23:59:32.759+0000] {logging_mixin.py:137} INFO - [2026-02-13T23:59:32.759+0000] {taskmixin.py:205} WARNING - Dependency <Task(PythonOperator): build_save_model_task>, load_model_task already registered for DAG: Server_Workload_Clustering
[2026-02-13T23:59:32.759+0000] {logging_mixin.py:137} INFO - [2026-02-13T23:59:32.759+0000] {taskmixin.py:205} WARNING - Dependency <Task(PythonOperator): load_model_task>, build_save_model_task already registered for DAG: Server_Workload_Clustering
[2026-02-13T23:59:32.766+0000] {processor.py:753} INFO - DAG(s) dict_keys(['Server_Workload_Clustering']) retrieved from /opt/airflow/dags/airflow.py
[2026-02-13T23:59:32.782+0000] {logging_mixin.py:137} INFO - [2026-02-13T23:59:32.782+0000] {dag.py:2690} INFO - Sync 1 DAGs
[2026-02-13T23:59:32.800+0000] {logging_mixin.py:137} INFO - [2026-02-13T23:59:32.800+0000] {dag.py:3441} INFO - Setting next_dagrun for Server_Workload_Clustering to 2026-02-13T06:00:00+00:00, run_after=2026-02-14T06:00:00+00:00
[2026-02-13T23:59:32.812+0000] {processor.py:175} INFO - Processing /opt/airflow/dags/airflow.py took 0.857 seconds
