[2026-02-13T23:45:36.445+0000] {manager.py:483} INFO - Processing files using up to 2 processes at a time 
[2026-02-13T23:45:36.462+0000] {manager.py:484} INFO - Process each file at most once every 30 seconds
[2026-02-13T23:45:36.465+0000] {manager.py:486} INFO - Checking for new files in /opt/airflow/dags every 300 seconds
[2026-02-13T23:45:36.465+0000] {manager.py:726} INFO - Searching for files in /opt/airflow/dags
[2026-02-13T23:45:36.498+0000] {manager.py:729} INFO - There are 3 files in /opt/airflow/dags
[2026-02-13T23:45:36.881+0000] {manager.py:854} INFO - 
================================================================================
DAG File Processing Stats

File Path                       PID  Runtime      # DAGs    # Errors  Last Runtime    Last Run
----------------------------  -----  ---------  --------  ----------  --------------  ----------
/opt/airflow/dags/airflow.py     77  0.18s             0           0
/opt/airflow/dags/sandbox.py                           0           0
/opt/airflow/dags/src/lab.py     78  0.17s             0           0
================================================================================
[2026-02-13T23:46:07.049+0000] {manager.py:854} INFO - 
================================================================================
DAG File Processing Stats

File Path                     PID    Runtime      # DAGs    # Errors  Last Runtime    Last Run
----------------------------  -----  ---------  --------  ----------  --------------  -------------------
/opt/airflow/dags/airflow.py                           0           1  0.47s           2026-02-13T23:45:37
/opt/airflow/dags/src/lab.py                           0           1  0.48s           2026-02-13T23:45:37
/opt/airflow/dags/sandbox.py                           1           0  0.49s           2026-02-13T23:45:37
================================================================================
[2026-02-13T23:46:21.162+0000] {manager.py:1082} WARNING - Skipping processing of missing file: /opt/airflow/dags/sandbox.py
[2026-02-13T23:46:37.698+0000] {manager.py:854} INFO - 
================================================================================
DAG File Processing Stats

File Path                     PID    Runtime      # DAGs    # Errors  Last Runtime    Last Run
----------------------------  -----  ---------  --------  ----------  --------------  -------------------
/opt/airflow/dags/airflow.py                           0           1  0.31s           2026-02-13T23:46:07
/opt/airflow/dags/src/lab.py                           0           1  0.30s           2026-02-13T23:46:07
================================================================================
[2026-02-13T23:47:08.336+0000] {manager.py:854} INFO - 
================================================================================
DAG File Processing Stats

File Path                     PID    Runtime      # DAGs    # Errors  Last Runtime    Last Run
----------------------------  -----  ---------  --------  ----------  --------------  -------------------
/opt/airflow/dags/airflow.py                           0           1  0.30s           2026-02-13T23:46:39
/opt/airflow/dags/src/lab.py                           0           1  0.26s           2026-02-13T23:46:39
================================================================================
[2026-02-13T23:47:38.665+0000] {manager.py:854} INFO - 
================================================================================
DAG File Processing Stats

File Path                     PID    Runtime      # DAGs    # Errors  Last Runtime    Last Run
----------------------------  -----  ---------  --------  ----------  --------------  -------------------
/opt/airflow/dags/airflow.py                           0           1  0.17s           2026-02-13T23:47:09
/opt/airflow/dags/src/lab.py                           0           1  0.12s           2026-02-13T23:47:09
================================================================================
[2026-02-13T23:48:09.349+0000] {manager.py:854} INFO - 
================================================================================
DAG File Processing Stats

File Path                     PID    Runtime      # DAGs    # Errors  Last Runtime    Last Run
----------------------------  -----  ---------  --------  ----------  --------------  -------------------
/opt/airflow/dags/airflow.py                           0           1  0.13s           2026-02-13T23:47:39
/opt/airflow/dags/src/lab.py                           0           1  0.09s           2026-02-13T23:47:39
================================================================================
[2026-02-13T23:48:39.784+0000] {manager.py:854} INFO - 
================================================================================
DAG File Processing Stats

File Path                     PID    Runtime      # DAGs    # Errors  Last Runtime    Last Run
----------------------------  -----  ---------  --------  ----------  --------------  -------------------
/opt/airflow/dags/airflow.py                           0           1  0.14s           2026-02-13T23:48:10
/opt/airflow/dags/src/lab.py                           0           1  0.13s           2026-02-13T23:48:10
================================================================================
[2026-02-13T23:49:10.183+0000] {manager.py:854} INFO - 
================================================================================
DAG File Processing Stats

File Path                     PID    Runtime      # DAGs    # Errors  Last Runtime    Last Run
----------------------------  -----  ---------  --------  ----------  --------------  -------------------
/opt/airflow/dags/airflow.py                           0           1  0.10s           2026-02-13T23:48:40
/opt/airflow/dags/src/lab.py                           0           1  0.08s           2026-02-13T23:48:40
================================================================================
[2026-02-13T23:49:40.657+0000] {manager.py:854} INFO - 
================================================================================
DAG File Processing Stats

File Path                     PID    Runtime      # DAGs    # Errors  Last Runtime    Last Run
----------------------------  -----  ---------  --------  ----------  --------------  -------------------
/opt/airflow/dags/airflow.py                           0           1  0.17s           2026-02-13T23:49:11
/opt/airflow/dags/src/lab.py                           0           1  0.12s           2026-02-13T23:49:11
================================================================================
[2026-02-13T23:50:11.074+0000] {manager.py:854} INFO - 
================================================================================
DAG File Processing Stats

File Path                     PID    Runtime      # DAGs    # Errors  Last Runtime    Last Run
----------------------------  -----  ---------  --------  ----------  --------------  -------------------
/opt/airflow/dags/airflow.py                           0           1  0.07s           2026-02-13T23:49:41
/opt/airflow/dags/src/lab.py                           0           1  0.06s           2026-02-13T23:49:41
================================================================================
[2026-02-13T23:50:30.378+0000] {manager.py:465} INFO - Exiting gracefully upon receiving signal 15
[2026-02-13T23:52:03.362+0000] {manager.py:483} INFO - Processing files using up to 2 processes at a time 
[2026-02-13T23:52:03.364+0000] {manager.py:484} INFO - Process each file at most once every 30 seconds
[2026-02-13T23:52:03.365+0000] {manager.py:486} INFO - Checking for new files in /opt/airflow/dags every 300 seconds
[2026-02-13T23:52:03.367+0000] {manager.py:726} INFO - Searching for files in /opt/airflow/dags
[2026-02-13T23:52:03.390+0000] {manager.py:729} INFO - There are 2 files in /opt/airflow/dags
[2026-02-13T23:52:03.516+0000] {manager.py:854} INFO - 
================================================================================
DAG File Processing Stats

File Path                       PID  Runtime      # DAGs    # Errors  Last Runtime    Last Run
----------------------------  -----  ---------  --------  ----------  --------------  ----------
/opt/airflow/dags/airflow.py     58  0.08s             0           0
/opt/airflow/dags/src/lab.py     59  0.07s             0           0
================================================================================
[2026-02-13T23:52:34.438+0000] {manager.py:854} INFO - 
================================================================================
DAG File Processing Stats

File Path                       PID  Runtime      # DAGs    # Errors  Last Runtime    Last Run
----------------------------  -----  ---------  --------  ----------  --------------  -------------------
/opt/airflow/dags/airflow.py     92  0.06s             0           1  0.16s           2026-02-13T23:52:03
/opt/airflow/dags/src/lab.py     93  0.02s             0           1  0.14s           2026-02-13T23:52:03
================================================================================
[2026-02-13T23:53:05.260+0000] {manager.py:854} INFO - 
================================================================================
DAG File Processing Stats

File Path                       PID  Runtime      # DAGs    # Errors  Last Runtime    Last Run
----------------------------  -----  ---------  --------  ----------  --------------  -------------------
/opt/airflow/dags/airflow.py    126  0.12s             0           1  0.31s           2026-02-13T23:52:34
/opt/airflow/dags/src/lab.py    127  0.02s             0           1  0.27s           2026-02-13T23:52:34
================================================================================
[2026-02-13T23:53:36.146+0000] {manager.py:854} INFO - 
================================================================================
DAG File Processing Stats

File Path                       PID  Runtime      # DAGs    # Errors  Last Runtime    Last Run
----------------------------  -----  ---------  --------  ----------  --------------  -------------------
/opt/airflow/dags/airflow.py    160  0.03s             0           1  0.32s           2026-02-13T23:53:05
/opt/airflow/dags/src/lab.py    161  0.02s             0           1  0.22s           2026-02-13T23:53:05
================================================================================
[2026-02-13T23:54:06.986+0000] {manager.py:854} INFO - 
================================================================================
DAG File Processing Stats

File Path                       PID  Runtime      # DAGs    # Errors  Last Runtime    Last Run
----------------------------  -----  ---------  --------  ----------  --------------  -------------------
/opt/airflow/dags/airflow.py    200  0.02s             0           1  0.12s           2026-02-13T23:53:36
/opt/airflow/dags/src/lab.py    201  0.01s             0           1  0.11s           2026-02-13T23:53:36
================================================================================
[2026-02-13T23:54:37.445+0000] {manager.py:854} INFO - 
================================================================================
DAG File Processing Stats

File Path                       PID  Runtime      # DAGs    # Errors  Last Runtime    Last Run
----------------------------  -----  ---------  --------  ----------  --------------  -------------------
/opt/airflow/dags/airflow.py    244  0.03s             0           1  0.10s           2026-02-13T23:54:07
/opt/airflow/dags/src/lab.py    245  0.01s             0           1  0.09s           2026-02-13T23:54:07
================================================================================
[2026-02-13T23:55:08.253+0000] {manager.py:854} INFO - 
================================================================================
DAG File Processing Stats

File Path                       PID  Runtime      # DAGs    # Errors  Last Runtime    Last Run
----------------------------  -----  ---------  --------  ----------  --------------  -------------------
/opt/airflow/dags/airflow.py    279  0.01s             0           1  0.12s           2026-02-13T23:54:37
/opt/airflow/dags/src/lab.py                           0           0  0.05s           2026-02-13T23:54:52
================================================================================
[2026-02-13T23:55:39.011+0000] {manager.py:854} INFO - 
================================================================================
DAG File Processing Stats

File Path                     PID    Runtime      # DAGs    # Errors  Last Runtime    Last Run
----------------------------  -----  ---------  --------  ----------  --------------  -------------------
/opt/airflow/dags/src/lab.py                           0           0  1.78s           2026-02-13T23:55:25
/opt/airflow/dags/airflow.py                           1           0  4.65s           2026-02-13T23:55:12
================================================================================
[2026-02-13T23:56:09.910+0000] {manager.py:854} INFO - 
================================================================================
DAG File Processing Stats

File Path                     PID    Runtime      # DAGs    # Errors  Last Runtime    Last Run
----------------------------  -----  ---------  --------  ----------  --------------  -------------------
/opt/airflow/dags/src/lab.py                           0           0  0.05s           2026-02-13T23:55:55
/opt/airflow/dags/airflow.py                           1           0  1.45s           2026-02-13T23:55:44
================================================================================
[2026-02-13T23:56:40.291+0000] {manager.py:854} INFO - 
================================================================================
DAG File Processing Stats

File Path                     PID    Runtime      # DAGs    # Errors  Last Runtime    Last Run
----------------------------  -----  ---------  --------  ----------  --------------  -------------------
/opt/airflow/dags/src/lab.py                           0           0  0.11s           2026-02-13T23:56:25
/opt/airflow/dags/airflow.py                           1           0  3.96s           2026-02-13T23:56:19
================================================================================
[2026-02-13T23:57:03.757+0000] {manager.py:726} INFO - Searching for files in /opt/airflow/dags
[2026-02-13T23:57:03.778+0000] {manager.py:729} INFO - There are 1 files in /opt/airflow/dags
[2026-02-13T23:57:11.116+0000] {manager.py:854} INFO - 
================================================================================
DAG File Processing Stats

File Path                     PID    Runtime      # DAGs    # Errors  Last Runtime    Last Run
----------------------------  -----  ---------  --------  ----------  --------------  -------------------
/opt/airflow/dags/airflow.py                           1           0  1.59s           2026-02-13T23:56:51
================================================================================
[2026-02-13T23:57:41.280+0000] {manager.py:854} INFO - 
================================================================================
DAG File Processing Stats

File Path                     PID    Runtime      # DAGs    # Errors  Last Runtime    Last Run
----------------------------  -----  ---------  --------  ----------  --------------  -------------------
/opt/airflow/dags/airflow.py                           1           0  5.76s           2026-02-13T23:57:27
================================================================================
[2026-02-13T23:58:11.763+0000] {manager.py:854} INFO - 
================================================================================
DAG File Processing Stats

File Path                     PID    Runtime      # DAGs    # Errors  Last Runtime    Last Run
----------------------------  -----  ---------  --------  ----------  --------------  -------------------
/opt/airflow/dags/airflow.py                           1           0  1.13s           2026-02-13T23:57:58
================================================================================
[2026-02-13T23:58:42.099+0000] {manager.py:854} INFO - 
================================================================================
DAG File Processing Stats

File Path                     PID    Runtime      # DAGs    # Errors  Last Runtime    Last Run
----------------------------  -----  ---------  --------  ----------  --------------  -------------------
/opt/airflow/dags/airflow.py                           1           0  1.36s           2026-02-13T23:58:30
================================================================================
[2026-02-13T23:59:12.713+0000] {manager.py:854} INFO - 
================================================================================
DAG File Processing Stats

File Path                     PID    Runtime      # DAGs    # Errors  Last Runtime    Last Run
----------------------------  -----  ---------  --------  ----------  --------------  -------------------
/opt/airflow/dags/airflow.py                           1           0  1.42s           2026-02-13T23:59:01
================================================================================
[2026-02-13T23:59:42.962+0000] {manager.py:854} INFO - 
================================================================================
DAG File Processing Stats

File Path                     PID    Runtime      # DAGs    # Errors  Last Runtime    Last Run
----------------------------  -----  ---------  --------  ----------  --------------  -------------------
/opt/airflow/dags/airflow.py                           1           0  0.89s           2026-02-13T23:59:32
================================================================================
[2026-02-14T00:00:13.357+0000] {manager.py:854} INFO - 
================================================================================
DAG File Processing Stats

File Path                     PID    Runtime      # DAGs    # Errors  Last Runtime    Last Run
----------------------------  -----  ---------  --------  ----------  --------------  -------------------
/opt/airflow/dags/airflow.py                           1           0  0.99s           2026-02-14T00:00:04
================================================================================
[2026-02-14T00:00:43.482+0000] {manager.py:854} INFO - 
================================================================================
DAG File Processing Stats

File Path                     PID    Runtime      # DAGs    # Errors  Last Runtime    Last Run
----------------------------  -----  ---------  --------  ----------  --------------  -------------------
/opt/airflow/dags/airflow.py                           1           0  1.74s           2026-02-14T00:00:36
================================================================================
[2026-02-14T00:01:13.917+0000] {manager.py:854} INFO - 
================================================================================
DAG File Processing Stats

File Path                     PID    Runtime      # DAGs    # Errors  Last Runtime    Last Run
----------------------------  -----  ---------  --------  ----------  --------------  -------------------
/opt/airflow/dags/airflow.py                           1           0  1.09s           2026-02-14T00:01:07
================================================================================
[2026-02-14T00:01:44.348+0000] {manager.py:854} INFO - 
================================================================================
DAG File Processing Stats

File Path                     PID    Runtime      # DAGs    # Errors  Last Runtime    Last Run
----------------------------  -----  ---------  --------  ----------  --------------  -------------------
/opt/airflow/dags/airflow.py                           1           0  1.15s           2026-02-14T00:01:39
================================================================================
[2026-02-14T00:02:04.626+0000] {manager.py:726} INFO - Searching for files in /opt/airflow/dags
[2026-02-14T00:02:04.641+0000] {manager.py:729} INFO - There are 1 files in /opt/airflow/dags
[2026-02-14T00:02:14.831+0000] {manager.py:854} INFO - 
================================================================================
DAG File Processing Stats

File Path                     PID    Runtime      # DAGs    # Errors  Last Runtime    Last Run
----------------------------  -----  ---------  --------  ----------  --------------  -------------------
/opt/airflow/dags/airflow.py                           1           0  1.09s           2026-02-14T00:02:10
================================================================================
[2026-02-14T00:02:45.551+0000] {manager.py:854} INFO - 
================================================================================
DAG File Processing Stats

File Path                     PID    Runtime      # DAGs    # Errors  Last Runtime    Last Run
----------------------------  -----  ---------  --------  ----------  --------------  -------------------
/opt/airflow/dags/airflow.py                           1           0  1.08s           2026-02-14T00:02:42
================================================================================
[2026-02-14T00:03:16.222+0000] {manager.py:854} INFO - 
================================================================================
DAG File Processing Stats

File Path                     PID    Runtime      # DAGs    # Errors  Last Runtime    Last Run
----------------------------  -----  ---------  --------  ----------  --------------  -------------------
/opt/airflow/dags/airflow.py                           1           0  1.90s           2026-02-14T00:03:15
================================================================================
[2026-02-14T00:03:46.720+0000] {manager.py:854} INFO - 
================================================================================
DAG File Processing Stats

File Path                     PID    Runtime      # DAGs    # Errors  Last Runtime    Last Run
----------------------------  -----  ---------  --------  ----------  --------------  -------------------
/opt/airflow/dags/airflow.py                           1           0  1.02s           2026-02-14T00:03:46
================================================================================
[2026-02-14T00:04:16.790+0000] {manager.py:854} INFO - 
================================================================================
DAG File Processing Stats

File Path                       PID  Runtime      # DAGs    # Errors  Last Runtime    Last Run
----------------------------  -----  ---------  --------  ----------  --------------  -------------------
/opt/airflow/dags/airflow.py   1008  0.03s             1           0  1.02s           2026-02-14T00:03:46
================================================================================
[2026-02-14T00:04:47.263+0000] {manager.py:854} INFO - 
================================================================================
DAG File Processing Stats

File Path                     PID    Runtime      # DAGs    # Errors  Last Runtime    Last Run
----------------------------  -----  ---------  --------  ----------  --------------  -------------------
/opt/airflow/dags/airflow.py                           1           0  2.01s           2026-02-14T00:04:18
================================================================================
[2026-02-14T00:05:17.826+0000] {manager.py:854} INFO - 
================================================================================
DAG File Processing Stats

File Path                     PID    Runtime      # DAGs    # Errors  Last Runtime    Last Run
----------------------------  -----  ---------  --------  ----------  --------------  -------------------
/opt/airflow/dags/airflow.py                           1           0  2.03s           2026-02-14T00:04:51
================================================================================
[2026-02-14T00:05:48.446+0000] {manager.py:854} INFO - 
================================================================================
DAG File Processing Stats

File Path                     PID    Runtime      # DAGs    # Errors  Last Runtime    Last Run
----------------------------  -----  ---------  --------  ----------  --------------  -------------------
/opt/airflow/dags/airflow.py                           1           0  1.18s           2026-02-14T00:05:23
================================================================================
[2026-02-14T00:06:18.876+0000] {manager.py:854} INFO - 
================================================================================
DAG File Processing Stats

File Path                     PID    Runtime      # DAGs    # Errors  Last Runtime    Last Run
----------------------------  -----  ---------  --------  ----------  --------------  -------------------
/opt/airflow/dags/airflow.py                           1           0  1.10s           2026-02-14T00:05:54
================================================================================
[2026-02-14T00:06:49.257+0000] {manager.py:854} INFO - 
================================================================================
DAG File Processing Stats

File Path                     PID    Runtime      # DAGs    # Errors  Last Runtime    Last Run
----------------------------  -----  ---------  --------  ----------  --------------  -------------------
/opt/airflow/dags/airflow.py                           1           0  0.77s           2026-02-14T00:06:25
================================================================================
[2026-02-14T00:07:05.633+0000] {manager.py:726} INFO - Searching for files in /opt/airflow/dags
[2026-02-14T00:07:05.655+0000] {manager.py:729} INFO - There are 1 files in /opt/airflow/dags
[2026-02-14T00:07:20.198+0000] {manager.py:854} INFO - 
================================================================================
DAG File Processing Stats

File Path                     PID    Runtime      # DAGs    # Errors  Last Runtime    Last Run
----------------------------  -----  ---------  --------  ----------  --------------  -------------------
/opt/airflow/dags/airflow.py                           1           0  1.91s           2026-02-14T00:06:58
================================================================================
[2026-02-14T00:07:51.153+0000] {manager.py:854} INFO - 
================================================================================
DAG File Processing Stats

File Path                     PID    Runtime      # DAGs    # Errors  Last Runtime    Last Run
----------------------------  -----  ---------  --------  ----------  --------------  -------------------
/opt/airflow/dags/airflow.py                           1           0  2.14s           2026-02-14T00:07:30
================================================================================
[2026-02-14T00:08:21.734+0000] {manager.py:854} INFO - 
================================================================================
DAG File Processing Stats

File Path                     PID    Runtime      # DAGs    # Errors  Last Runtime    Last Run
----------------------------  -----  ---------  --------  ----------  --------------  -------------------
/opt/airflow/dags/airflow.py                           1           0  1.15s           2026-02-14T00:08:02
================================================================================
[2026-02-14T00:08:51.975+0000] {manager.py:854} INFO - 
================================================================================
DAG File Processing Stats

File Path                     PID    Runtime      # DAGs    # Errors  Last Runtime    Last Run
----------------------------  -----  ---------  --------  ----------  --------------  -------------------
/opt/airflow/dags/airflow.py                           1           0  5.62s           2026-02-14T00:08:38
================================================================================
[2026-02-14T00:09:22.472+0000] {manager.py:854} INFO - 
================================================================================
DAG File Processing Stats

File Path                     PID    Runtime      # DAGs    # Errors  Last Runtime    Last Run
----------------------------  -----  ---------  --------  ----------  --------------  -------------------
/opt/airflow/dags/airflow.py                           1           0  2.34s           2026-02-14T00:09:11
================================================================================
[2026-02-14T00:09:53.393+0000] {manager.py:854} INFO - 
================================================================================
DAG File Processing Stats

File Path                     PID    Runtime      # DAGs    # Errors  Last Runtime    Last Run
----------------------------  -----  ---------  --------  ----------  --------------  -------------------
/opt/airflow/dags/airflow.py                           1           0  2.36s           2026-02-14T00:09:44
================================================================================
[2026-02-14T00:10:23.986+0000] {manager.py:854} INFO - 
================================================================================
DAG File Processing Stats

File Path                     PID    Runtime      # DAGs    # Errors  Last Runtime    Last Run
----------------------------  -----  ---------  --------  ----------  --------------  -------------------
/opt/airflow/dags/airflow.py                           1           0  1.11s           2026-02-14T00:10:15
================================================================================
[2026-02-14T00:10:54.542+0000] {manager.py:854} INFO - 
================================================================================
DAG File Processing Stats

File Path                     PID    Runtime      # DAGs    # Errors  Last Runtime    Last Run
----------------------------  -----  ---------  --------  ----------  --------------  -------------------
/opt/airflow/dags/airflow.py                           1           0  1.17s           2026-02-14T00:10:47
================================================================================
[2026-02-14T00:11:25.040+0000] {manager.py:854} INFO - 
================================================================================
DAG File Processing Stats

File Path                     PID    Runtime      # DAGs    # Errors  Last Runtime    Last Run
----------------------------  -----  ---------  --------  ----------  --------------  -------------------
/opt/airflow/dags/airflow.py                           1           0  1.04s           2026-02-14T00:11:18
================================================================================
[2026-02-14T00:11:55.775+0000] {manager.py:854} INFO - 
================================================================================
DAG File Processing Stats

File Path                     PID    Runtime      # DAGs    # Errors  Last Runtime    Last Run
----------------------------  -----  ---------  --------  ----------  --------------  -------------------
/opt/airflow/dags/airflow.py                           1           0  2.12s           2026-02-14T00:11:51
================================================================================
[2026-02-14T00:12:06.016+0000] {manager.py:726} INFO - Searching for files in /opt/airflow/dags
[2026-02-14T00:12:06.191+0000] {manager.py:729} INFO - There are 1 files in /opt/airflow/dags
[2026-02-14T00:12:25.802+0000] {manager.py:854} INFO - 
================================================================================
DAG File Processing Stats

File Path                     PID    Runtime      # DAGs    # Errors  Last Runtime    Last Run
----------------------------  -----  ---------  --------  ----------  --------------  -------------------
/opt/airflow/dags/airflow.py                           1           0  1.72s           2026-02-14T00:12:23
================================================================================
[2026-02-14T00:12:56.562+0000] {manager.py:854} INFO - 
================================================================================
DAG File Processing Stats

File Path                     PID    Runtime      # DAGs    # Errors  Last Runtime    Last Run
----------------------------  -----  ---------  --------  ----------  --------------  -------------------
/opt/airflow/dags/airflow.py                           1           0  0.99s           2026-02-14T00:12:55
================================================================================
[2026-02-14T00:13:27.283+0000] {manager.py:854} INFO - 
================================================================================
DAG File Processing Stats

File Path                       PID  Runtime      # DAGs    # Errors  Last Runtime    Last Run
----------------------------  -----  ---------  --------  ----------  --------------  -------------------
/opt/airflow/dags/airflow.py   1714  1.05s             1           0  0.99s           2026-02-14T00:12:55
================================================================================
[2026-02-14T00:13:57.762+0000] {manager.py:854} INFO - 
================================================================================
DAG File Processing Stats

File Path                     PID    Runtime      # DAGs    # Errors  Last Runtime    Last Run
----------------------------  -----  ---------  --------  ----------  --------------  -------------------
/opt/airflow/dags/airflow.py                           1           0  2.13s           2026-02-14T00:13:28
================================================================================
[2026-02-14T00:14:28.172+0000] {manager.py:854} INFO - 
================================================================================
DAG File Processing Stats

File Path                     PID    Runtime      # DAGs    # Errors  Last Runtime    Last Run
----------------------------  -----  ---------  --------  ----------  --------------  -------------------
/opt/airflow/dags/airflow.py                           1           0  2.08s           2026-02-14T00:14:00
================================================================================
[2026-02-14T00:14:58.442+0000] {manager.py:854} INFO - 
================================================================================
DAG File Processing Stats

File Path                     PID    Runtime      # DAGs    # Errors  Last Runtime    Last Run
----------------------------  -----  ---------  --------  ----------  --------------  -------------------
/opt/airflow/dags/airflow.py                           1           0  0.91s           2026-02-14T00:14:32
================================================================================
[2026-02-14T00:15:28.836+0000] {manager.py:854} INFO - 
================================================================================
DAG File Processing Stats

File Path                     PID    Runtime      # DAGs    # Errors  Last Runtime    Last Run
----------------------------  -----  ---------  --------  ----------  --------------  -------------------
/opt/airflow/dags/airflow.py                           1           0  1.15s           2026-02-14T00:15:03
================================================================================
[2026-02-14T00:15:59.497+0000] {manager.py:854} INFO - 
================================================================================
DAG File Processing Stats

File Path                     PID    Runtime      # DAGs    # Errors  Last Runtime    Last Run
----------------------------  -----  ---------  --------  ----------  --------------  -------------------
/opt/airflow/dags/airflow.py                           1           0  1.43s           2026-02-14T00:15:35
================================================================================
[2026-02-14T00:16:29.944+0000] {manager.py:854} INFO - 
================================================================================
DAG File Processing Stats

File Path                     PID    Runtime      # DAGs    # Errors  Last Runtime    Last Run
----------------------------  -----  ---------  --------  ----------  --------------  -------------------
/opt/airflow/dags/airflow.py                           1           0  1.04s           2026-02-14T00:16:06
================================================================================
[2026-02-14T00:17:00.423+0000] {manager.py:854} INFO - 
================================================================================
DAG File Processing Stats

File Path                     PID    Runtime      # DAGs    # Errors  Last Runtime    Last Run
----------------------------  -----  ---------  --------  ----------  --------------  -------------------
/opt/airflow/dags/airflow.py                           1           0  1.12s           2026-02-14T00:16:38
================================================================================
[2026-02-14T00:17:06.710+0000] {manager.py:726} INFO - Searching for files in /opt/airflow/dags
[2026-02-14T00:17:06.773+0000] {manager.py:729} INFO - There are 1 files in /opt/airflow/dags
[2026-02-14T00:17:30.662+0000] {manager.py:854} INFO - 
================================================================================
DAG File Processing Stats

File Path                     PID    Runtime      # DAGs    # Errors  Last Runtime    Last Run
----------------------------  -----  ---------  --------  ----------  --------------  -------------------
/opt/airflow/dags/airflow.py                           1           0  1.02s           2026-02-14T00:17:09
================================================================================
[2026-02-14T00:18:01.414+0000] {manager.py:854} INFO - 
================================================================================
DAG File Processing Stats

File Path                     PID    Runtime      # DAGs    # Errors  Last Runtime    Last Run
----------------------------  -----  ---------  --------  ----------  --------------  -------------------
/opt/airflow/dags/airflow.py                           1           0  1.53s           2026-02-14T00:17:41
================================================================================
[2026-02-14T00:18:15.598+0000] {manager.py:465} INFO - Exiting gracefully upon receiving signal 15
[2026-02-14T00:22:38.659+0000] {manager.py:483} INFO - Processing files using up to 2 processes at a time 
[2026-02-14T00:22:38.666+0000] {manager.py:484} INFO - Process each file at most once every 30 seconds
[2026-02-14T00:22:38.667+0000] {manager.py:486} INFO - Checking for new files in /opt/airflow/dags every 300 seconds
[2026-02-14T00:22:38.667+0000] {manager.py:726} INFO - Searching for files in /opt/airflow/dags
[2026-02-14T00:22:38.701+0000] {manager.py:729} INFO - There are 1 files in /opt/airflow/dags
[2026-02-14T00:22:39.561+0000] {manager.py:854} INFO - 
================================================================================
DAG File Processing Stats

File Path                       PID  Runtime      # DAGs    # Errors  Last Runtime    Last Run
----------------------------  -----  ---------  --------  ----------  --------------  ----------
/opt/airflow/dags/airflow.py     86  0.37s             0           0
================================================================================
[2026-02-14T00:23:09.706+0000] {manager.py:854} INFO - 
================================================================================
DAG File Processing Stats

File Path                     PID    Runtime      # DAGs    # Errors  Last Runtime    Last Run
----------------------------  -----  ---------  --------  ----------  --------------  -------------------
/opt/airflow/dags/airflow.py                           1           0  10.57s          2026-02-14T00:22:49
================================================================================
[2026-02-14T00:23:40.361+0000] {manager.py:854} INFO - 
================================================================================
DAG File Processing Stats

File Path                     PID    Runtime      # DAGs    # Errors  Last Runtime    Last Run
----------------------------  -----  ---------  --------  ----------  --------------  -------------------
/opt/airflow/dags/airflow.py                           1           0  2.05s           2026-02-14T00:23:21
================================================================================
[2026-02-14T00:24:11.222+0000] {manager.py:854} INFO - 
================================================================================
DAG File Processing Stats

File Path                     PID    Runtime      # DAGs    # Errors  Last Runtime    Last Run
----------------------------  -----  ---------  --------  ----------  --------------  -------------------
/opt/airflow/dags/airflow.py                           1           0  2.05s           2026-02-14T00:23:54
================================================================================
[2026-02-14T00:24:41.738+0000] {manager.py:854} INFO - 
================================================================================
DAG File Processing Stats

File Path                     PID    Runtime      # DAGs    # Errors  Last Runtime    Last Run
----------------------------  -----  ---------  --------  ----------  --------------  -------------------
/opt/airflow/dags/airflow.py                           1           0  2.90s           2026-02-14T00:24:28
================================================================================
[2026-02-14T00:25:12.140+0000] {manager.py:854} INFO - 
================================================================================
DAG File Processing Stats

File Path                     PID    Runtime      # DAGs    # Errors  Last Runtime    Last Run
----------------------------  -----  ---------  --------  ----------  --------------  -------------------
/opt/airflow/dags/airflow.py                           1           0  1.15s           2026-02-14T00:25:00
================================================================================
[2026-02-14T00:25:42.408+0000] {manager.py:854} INFO - 
================================================================================
DAG File Processing Stats

File Path                     PID    Runtime      # DAGs    # Errors  Last Runtime    Last Run
----------------------------  -----  ---------  --------  ----------  --------------  -------------------
/opt/airflow/dags/airflow.py                           1           0  2.42s           2026-02-14T00:25:32
================================================================================
[2026-02-14T00:26:13.014+0000] {manager.py:854} INFO - 
================================================================================
DAG File Processing Stats

File Path                     PID    Runtime      # DAGs    # Errors  Last Runtime    Last Run
----------------------------  -----  ---------  --------  ----------  --------------  -------------------
/opt/airflow/dags/airflow.py                           1           0  1.38s           2026-02-14T00:26:05
================================================================================
[2026-02-14T00:26:43.668+0000] {manager.py:854} INFO - 
================================================================================
DAG File Processing Stats

File Path                     PID    Runtime      # DAGs    # Errors  Last Runtime    Last Run
----------------------------  -----  ---------  --------  ----------  --------------  -------------------
/opt/airflow/dags/airflow.py                           1           0  2.45s           2026-02-14T00:26:37
================================================================================
[2026-02-14T00:27:14.017+0000] {manager.py:854} INFO - 
================================================================================
DAG File Processing Stats

File Path                     PID    Runtime      # DAGs    # Errors  Last Runtime    Last Run
----------------------------  -----  ---------  --------  ----------  --------------  -------------------
/opt/airflow/dags/airflow.py                           1           0  0.97s           2026-02-14T00:27:08
================================================================================
[2026-02-14T00:27:39.396+0000] {manager.py:726} INFO - Searching for files in /opt/airflow/dags
[2026-02-14T00:27:39.413+0000] {manager.py:729} INFO - There are 1 files in /opt/airflow/dags
[2026-02-14T00:27:44.598+0000] {manager.py:854} INFO - 
================================================================================
DAG File Processing Stats

File Path                     PID    Runtime      # DAGs    # Errors  Last Runtime    Last Run
----------------------------  -----  ---------  --------  ----------  --------------  -------------------
/opt/airflow/dags/airflow.py                           1           0  1.29s           2026-02-14T00:27:40
================================================================================
[2026-02-14T00:27:50.147+0000] {manager.py:465} INFO - Exiting gracefully upon receiving signal 15
[2026-02-14T00:32:09.133+0000] {manager.py:483} INFO - Processing files using up to 2 processes at a time 
[2026-02-14T00:32:09.157+0000] {manager.py:484} INFO - Process each file at most once every 30 seconds
[2026-02-14T00:32:09.158+0000] {manager.py:486} INFO - Checking for new files in /opt/airflow/dags every 300 seconds
[2026-02-14T00:32:09.159+0000] {manager.py:726} INFO - Searching for files in /opt/airflow/dags
[2026-02-14T00:32:09.206+0000] {manager.py:729} INFO - There are 1 files in /opt/airflow/dags
[2026-02-14T00:32:09.630+0000] {manager.py:854} INFO - 
================================================================================
DAG File Processing Stats

File Path                       PID  Runtime      # DAGs    # Errors  Last Runtime    Last Run
----------------------------  -----  ---------  --------  ----------  --------------  ----------
/opt/airflow/dags/airflow.py     78  0.30s             0           0
================================================================================
[2026-02-14T00:32:40.462+0000] {manager.py:854} INFO - 
================================================================================
DAG File Processing Stats

File Path                     PID    Runtime      # DAGs    # Errors  Last Runtime    Last Run
----------------------------  -----  ---------  --------  ----------  --------------  -------------------
/opt/airflow/dags/airflow.py                           1           0  10.45s          2026-02-14T00:32:19
================================================================================
[2026-02-14T00:33:10.589+0000] {manager.py:854} INFO - 
================================================================================
DAG File Processing Stats

File Path                     PID    Runtime      # DAGs    # Errors  Last Runtime    Last Run
----------------------------  -----  ---------  --------  ----------  --------------  -------------------
/opt/airflow/dags/airflow.py                           1           0  7.76s           2026-02-14T00:32:58
================================================================================
[2026-02-14T00:33:41.160+0000] {manager.py:854} INFO - 
================================================================================
DAG File Processing Stats

File Path                     PID    Runtime      # DAGs    # Errors  Last Runtime    Last Run
----------------------------  -----  ---------  --------  ----------  --------------  -------------------
/opt/airflow/dags/airflow.py                           1           0  2.42s           2026-02-14T00:33:31
================================================================================
[2026-02-14T00:34:11.677+0000] {manager.py:854} INFO - 
================================================================================
DAG File Processing Stats

File Path                     PID    Runtime      # DAGs    # Errors  Last Runtime    Last Run
----------------------------  -----  ---------  --------  ----------  --------------  -------------------
/opt/airflow/dags/airflow.py                           1           0  2.39s           2026-02-14T00:34:03
================================================================================
[2026-02-14T00:34:42.004+0000] {manager.py:854} INFO - 
================================================================================
DAG File Processing Stats

File Path                     PID    Runtime      # DAGs    # Errors  Last Runtime    Last Run
----------------------------  -----  ---------  --------  ----------  --------------  -------------------
/opt/airflow/dags/airflow.py                           1           0  1.10s           2026-02-14T00:34:34
================================================================================
[2026-02-14T00:35:12.056+0000] {manager.py:854} INFO - 
================================================================================
DAG File Processing Stats

File Path                     PID    Runtime      # DAGs    # Errors  Last Runtime    Last Run
----------------------------  -----  ---------  --------  ----------  --------------  -------------------
/opt/airflow/dags/airflow.py                           1           0  1.61s           2026-02-14T00:35:06
================================================================================
[2026-02-14T00:35:42.300+0000] {manager.py:854} INFO - 
================================================================================
DAG File Processing Stats

File Path                     PID    Runtime      # DAGs    # Errors  Last Runtime    Last Run
----------------------------  -----  ---------  --------  ----------  --------------  -------------------
/opt/airflow/dags/airflow.py                           1           0  4.10s           2026-02-14T00:35:41
================================================================================
[2026-02-14T00:36:12.892+0000] {manager.py:854} INFO - 
================================================================================
DAG File Processing Stats

File Path                       PID  Runtime      # DAGs    # Errors  Last Runtime    Last Run
----------------------------  -----  ---------  --------  ----------  --------------  -------------------
/opt/airflow/dags/airflow.py    386  1.03s             1           0  4.10s           2026-02-14T00:35:41
================================================================================
[2026-02-14T00:36:43.422+0000] {manager.py:854} INFO - 
================================================================================
DAG File Processing Stats

File Path                       PID  Runtime      # DAGs    # Errors  Last Runtime    Last Run
----------------------------  -----  ---------  --------  ----------  --------------  -------------------
/opt/airflow/dags/airflow.py    436  0.02s             1           0  1.17s           2026-02-14T00:36:13
================================================================================
[2026-02-14T00:37:09.838+0000] {manager.py:726} INFO - Searching for files in /opt/airflow/dags
[2026-02-14T00:37:09.860+0000] {manager.py:729} INFO - There are 1 files in /opt/airflow/dags
[2026-02-14T00:37:13.990+0000] {manager.py:854} INFO - 
================================================================================
DAG File Processing Stats

File Path                     PID    Runtime      # DAGs    # Errors  Last Runtime    Last Run
----------------------------  -----  ---------  --------  ----------  --------------  -------------------
/opt/airflow/dags/airflow.py                           1           0  1.12s           2026-02-14T00:36:44
================================================================================
[2026-02-14T00:37:44.309+0000] {manager.py:854} INFO - 
================================================================================
DAG File Processing Stats

File Path                     PID    Runtime      # DAGs    # Errors  Last Runtime    Last Run
----------------------------  -----  ---------  --------  ----------  --------------  -------------------
/opt/airflow/dags/airflow.py                           1           0  10.04s          2026-02-14T00:37:25
================================================================================
[2026-02-14T00:38:14.594+0000] {manager.py:854} INFO - 
================================================================================
DAG File Processing Stats

File Path                     PID    Runtime      # DAGs    # Errors  Last Runtime    Last Run
----------------------------  -----  ---------  --------  ----------  --------------  -------------------
/opt/airflow/dags/airflow.py                           1           0  1.72s           2026-02-14T00:37:57
================================================================================
[2026-02-14T00:38:45.424+0000] {manager.py:854} INFO - 
================================================================================
DAG File Processing Stats

File Path                     PID    Runtime      # DAGs    # Errors  Last Runtime    Last Run
----------------------------  -----  ---------  --------  ----------  --------------  -------------------
/opt/airflow/dags/airflow.py                           1           0  6.79s           2026-02-14T00:38:34
================================================================================
[2026-02-14T00:39:15.435+0000] {manager.py:854} INFO - 
================================================================================
DAG File Processing Stats

File Path                     PID    Runtime      # DAGs    # Errors  Last Runtime    Last Run
----------------------------  -----  ---------  --------  ----------  --------------  -------------------
/opt/airflow/dags/airflow.py                           1           0  8.90s           2026-02-14T00:39:13
================================================================================
[2026-02-14T00:39:45.789+0000] {manager.py:854} INFO - 
================================================================================
DAG File Processing Stats

File Path                     PID    Runtime      # DAGs    # Errors  Last Runtime    Last Run
----------------------------  -----  ---------  --------  ----------  --------------  -------------------
/opt/airflow/dags/airflow.py                           1           0  1.97s           2026-02-14T00:39:45
================================================================================
[2026-02-14T00:40:16.785+0000] {manager.py:854} INFO - 
================================================================================
DAG File Processing Stats

File Path                       PID  Runtime      # DAGs    # Errors  Last Runtime    Last Run
----------------------------  -----  ---------  --------  ----------  --------------  -------------------
/opt/airflow/dags/airflow.py    688  0.05s             1           0  1.97s           2026-02-14T00:39:45
================================================================================
[2026-02-14T00:40:47.829+0000] {manager.py:854} INFO - 
================================================================================
DAG File Processing Stats

File Path                     PID    Runtime      # DAGs    # Errors  Last Runtime    Last Run
----------------------------  -----  ---------  --------  ----------  --------------  -------------------
/opt/airflow/dags/airflow.py                           1           0  2.10s           2026-02-14T00:40:18
================================================================================
[2026-02-14T00:41:18.319+0000] {manager.py:854} INFO - 
================================================================================
DAG File Processing Stats

File Path                     PID    Runtime      # DAGs    # Errors  Last Runtime    Last Run
----------------------------  -----  ---------  --------  ----------  --------------  -------------------
/opt/airflow/dags/airflow.py                           1           0  1.11s           2026-02-14T00:40:49
================================================================================
[2026-02-14T00:41:49.147+0000] {manager.py:854} INFO - 
================================================================================
DAG File Processing Stats

File Path                     PID    Runtime      # DAGs    # Errors  Last Runtime    Last Run
----------------------------  -----  ---------  --------  ----------  --------------  -------------------
/opt/airflow/dags/airflow.py                           1           0  1.06s           2026-02-14T00:41:21
================================================================================
[2026-02-14T00:42:10.486+0000] {manager.py:726} INFO - Searching for files in /opt/airflow/dags
[2026-02-14T00:42:10.525+0000] {manager.py:729} INFO - There are 1 files in /opt/airflow/dags
[2026-02-14T00:42:19.698+0000] {manager.py:854} INFO - 
================================================================================
DAG File Processing Stats

File Path                     PID    Runtime      # DAGs    # Errors  Last Runtime    Last Run
----------------------------  -----  ---------  --------  ----------  --------------  -------------------
/opt/airflow/dags/airflow.py                           1           0  1.77s           2026-02-14T00:41:54
================================================================================
[2026-02-14T00:42:50.479+0000] {manager.py:854} INFO - 
================================================================================
DAG File Processing Stats

File Path                     PID    Runtime      # DAGs    # Errors  Last Runtime    Last Run
----------------------------  -----  ---------  --------  ----------  --------------  -------------------
/opt/airflow/dags/airflow.py                           1           0  1.29s           2026-02-14T00:42:26
================================================================================
[2026-02-14T00:43:03.231+0000] {manager.py:465} INFO - Exiting gracefully upon receiving signal 15
