[2026-02-13T23:45:36.713+0000] {processor.py:153} INFO - Started process (PID=78) to work on /opt/airflow/dags/src/lab.py
[2026-02-13T23:45:36.718+0000] {processor.py:743} INFO - Processing file /opt/airflow/dags/src/lab.py for tasks to queue
[2026-02-13T23:45:36.722+0000] {logging_mixin.py:137} INFO - [2026-02-13T23:45:36.722+0000] {dagbag.py:538} INFO - Filling up the DagBag from /opt/airflow/dags/src/lab.py
[2026-02-13T23:45:36.834+0000] {logging_mixin.py:137} INFO - [2026-02-13T23:45:36.805+0000] {dagbag.py:343} ERROR - Failed to import: /opt/airflow/dags/src/lab.py
Traceback (most recent call last):
  File "/home/airflow/.local/lib/python3.7/site-packages/airflow/models/dagbag.py", line 339, in parse
    loader.exec_module(new_module)
  File "<frozen importlib._bootstrap_external>", line 728, in exec_module
  File "<frozen importlib._bootstrap>", line 219, in _call_with_frames_removed
  File "/opt/airflow/dags/src/lab.py", line 6, in <module>
    from src.lab import load_data, data_preprocessing, build_save_model, load_model_elbow
  File "/opt/airflow/dags/src/lab.py", line 6, in <module>
    from src.lab import load_data, data_preprocessing, build_save_model, load_model_elbow
ImportError: cannot import name 'load_data' from 'src.lab' (/opt/airflow/dags/src/lab.py)
[2026-02-13T23:45:36.836+0000] {processor.py:755} WARNING - No viable dags retrieved from /opt/airflow/dags/src/lab.py
[2026-02-13T23:45:37.065+0000] {processor.py:175} INFO - Processing /opt/airflow/dags/src/lab.py took 0.376 seconds
[2026-02-13T23:46:07.707+0000] {processor.py:153} INFO - Started process (PID=113) to work on /opt/airflow/dags/src/lab.py
[2026-02-13T23:46:07.713+0000] {processor.py:743} INFO - Processing file /opt/airflow/dags/src/lab.py for tasks to queue
[2026-02-13T23:46:07.716+0000] {logging_mixin.py:137} INFO - [2026-02-13T23:46:07.715+0000] {dagbag.py:538} INFO - Filling up the DagBag from /opt/airflow/dags/src/lab.py
[2026-02-13T23:46:07.824+0000] {logging_mixin.py:137} INFO - [2026-02-13T23:46:07.818+0000] {dagbag.py:343} ERROR - Failed to import: /opt/airflow/dags/src/lab.py
Traceback (most recent call last):
  File "/home/airflow/.local/lib/python3.7/site-packages/airflow/models/dagbag.py", line 339, in parse
    loader.exec_module(new_module)
  File "<frozen importlib._bootstrap_external>", line 728, in exec_module
  File "<frozen importlib._bootstrap>", line 219, in _call_with_frames_removed
  File "/opt/airflow/dags/src/lab.py", line 6, in <module>
    from src.lab import load_data, data_preprocessing, build_save_model, load_model_elbow
  File "/opt/airflow/dags/src/lab.py", line 6, in <module>
    from src.lab import load_data, data_preprocessing, build_save_model, load_model_elbow
ImportError: cannot import name 'load_data' from 'src.lab' (/opt/airflow/dags/src/lab.py)
[2026-02-13T23:46:07.825+0000] {processor.py:755} WARNING - No viable dags retrieved from /opt/airflow/dags/src/lab.py
[2026-02-13T23:46:07.915+0000] {processor.py:175} INFO - Processing /opt/airflow/dags/src/lab.py took 0.236 seconds
[2026-02-13T23:46:38.825+0000] {processor.py:153} INFO - Started process (PID=157) to work on /opt/airflow/dags/src/lab.py
[2026-02-13T23:46:38.832+0000] {processor.py:743} INFO - Processing file /opt/airflow/dags/src/lab.py for tasks to queue
[2026-02-13T23:46:38.837+0000] {logging_mixin.py:137} INFO - [2026-02-13T23:46:38.837+0000] {dagbag.py:538} INFO - Filling up the DagBag from /opt/airflow/dags/src/lab.py
[2026-02-13T23:46:38.882+0000] {logging_mixin.py:137} INFO - [2026-02-13T23:46:38.873+0000] {dagbag.py:343} ERROR - Failed to import: /opt/airflow/dags/src/lab.py
Traceback (most recent call last):
  File "/home/airflow/.local/lib/python3.7/site-packages/airflow/models/dagbag.py", line 339, in parse
    loader.exec_module(new_module)
  File "<frozen importlib._bootstrap_external>", line 728, in exec_module
  File "<frozen importlib._bootstrap>", line 219, in _call_with_frames_removed
  File "/opt/airflow/dags/src/lab.py", line 6, in <module>
    from src.lab import load_data, data_preprocessing, build_save_model, load_model_elbow
  File "/opt/airflow/dags/src/lab.py", line 6, in <module>
    from src.lab import load_data, data_preprocessing, build_save_model, load_model_elbow
ImportError: cannot import name 'load_data' from 'src.lab' (/opt/airflow/dags/src/lab.py)
[2026-02-13T23:46:38.884+0000] {processor.py:755} WARNING - No viable dags retrieved from /opt/airflow/dags/src/lab.py
[2026-02-13T23:46:38.995+0000] {processor.py:175} INFO - Processing /opt/airflow/dags/src/lab.py took 0.192 seconds
[2026-02-13T23:47:09.447+0000] {processor.py:153} INFO - Started process (PID=198) to work on /opt/airflow/dags/src/lab.py
[2026-02-13T23:47:09.449+0000] {processor.py:743} INFO - Processing file /opt/airflow/dags/src/lab.py for tasks to queue
[2026-02-13T23:47:09.452+0000] {logging_mixin.py:137} INFO - [2026-02-13T23:47:09.452+0000] {dagbag.py:538} INFO - Filling up the DagBag from /opt/airflow/dags/src/lab.py
[2026-02-13T23:47:09.484+0000] {logging_mixin.py:137} INFO - [2026-02-13T23:47:09.480+0000] {dagbag.py:343} ERROR - Failed to import: /opt/airflow/dags/src/lab.py
Traceback (most recent call last):
  File "/home/airflow/.local/lib/python3.7/site-packages/airflow/models/dagbag.py", line 339, in parse
    loader.exec_module(new_module)
  File "<frozen importlib._bootstrap_external>", line 728, in exec_module
  File "<frozen importlib._bootstrap>", line 219, in _call_with_frames_removed
  File "/opt/airflow/dags/src/lab.py", line 6, in <module>
    from src.lab import load_data, data_preprocessing, build_save_model, load_model_elbow
  File "/opt/airflow/dags/src/lab.py", line 6, in <module>
    from src.lab import load_data, data_preprocessing, build_save_model, load_model_elbow
ImportError: cannot import name 'load_data' from 'src.lab' (/opt/airflow/dags/src/lab.py)
[2026-02-13T23:47:09.486+0000] {processor.py:755} WARNING - No viable dags retrieved from /opt/airflow/dags/src/lab.py
[2026-02-13T23:47:09.528+0000] {processor.py:175} INFO - Processing /opt/airflow/dags/src/lab.py took 0.085 seconds
[2026-02-13T23:47:39.745+0000] {processor.py:153} INFO - Started process (PID=232) to work on /opt/airflow/dags/src/lab.py
[2026-02-13T23:47:39.747+0000] {processor.py:743} INFO - Processing file /opt/airflow/dags/src/lab.py for tasks to queue
[2026-02-13T23:47:39.748+0000] {logging_mixin.py:137} INFO - [2026-02-13T23:47:39.748+0000] {dagbag.py:538} INFO - Filling up the DagBag from /opt/airflow/dags/src/lab.py
[2026-02-13T23:47:39.769+0000] {logging_mixin.py:137} INFO - [2026-02-13T23:47:39.767+0000] {dagbag.py:343} ERROR - Failed to import: /opt/airflow/dags/src/lab.py
Traceback (most recent call last):
  File "/home/airflow/.local/lib/python3.7/site-packages/airflow/models/dagbag.py", line 339, in parse
    loader.exec_module(new_module)
  File "<frozen importlib._bootstrap_external>", line 728, in exec_module
  File "<frozen importlib._bootstrap>", line 219, in _call_with_frames_removed
  File "/opt/airflow/dags/src/lab.py", line 6, in <module>
    from src.lab import load_data, data_preprocessing, build_save_model, load_model_elbow
  File "/opt/airflow/dags/src/lab.py", line 6, in <module>
    from src.lab import load_data, data_preprocessing, build_save_model, load_model_elbow
ImportError: cannot import name 'load_data' from 'src.lab' (/opt/airflow/dags/src/lab.py)
[2026-02-13T23:47:39.769+0000] {processor.py:755} WARNING - No viable dags retrieved from /opt/airflow/dags/src/lab.py
[2026-02-13T23:47:39.808+0000] {processor.py:175} INFO - Processing /opt/airflow/dags/src/lab.py took 0.065 seconds
[2026-02-13T23:48:10.418+0000] {processor.py:153} INFO - Started process (PID=265) to work on /opt/airflow/dags/src/lab.py
[2026-02-13T23:48:10.424+0000] {processor.py:743} INFO - Processing file /opt/airflow/dags/src/lab.py for tasks to queue
[2026-02-13T23:48:10.426+0000] {logging_mixin.py:137} INFO - [2026-02-13T23:48:10.426+0000] {dagbag.py:538} INFO - Filling up the DagBag from /opt/airflow/dags/src/lab.py
[2026-02-13T23:48:10.460+0000] {logging_mixin.py:137} INFO - [2026-02-13T23:48:10.455+0000] {dagbag.py:343} ERROR - Failed to import: /opt/airflow/dags/src/lab.py
Traceback (most recent call last):
  File "/home/airflow/.local/lib/python3.7/site-packages/airflow/models/dagbag.py", line 339, in parse
    loader.exec_module(new_module)
  File "<frozen importlib._bootstrap_external>", line 728, in exec_module
  File "<frozen importlib._bootstrap>", line 219, in _call_with_frames_removed
  File "/opt/airflow/dags/src/lab.py", line 6, in <module>
    from src.lab import load_data, data_preprocessing, build_save_model, load_model_elbow
  File "/opt/airflow/dags/src/lab.py", line 6, in <module>
    from src.lab import load_data, data_preprocessing, build_save_model, load_model_elbow
ImportError: cannot import name 'load_data' from 'src.lab' (/opt/airflow/dags/src/lab.py)
[2026-02-13T23:48:10.461+0000] {processor.py:755} WARNING - No viable dags retrieved from /opt/airflow/dags/src/lab.py
[2026-02-13T23:48:10.507+0000] {processor.py:175} INFO - Processing /opt/airflow/dags/src/lab.py took 0.096 seconds
[2026-02-13T23:48:40.840+0000] {processor.py:153} INFO - Started process (PID=315) to work on /opt/airflow/dags/src/lab.py
[2026-02-13T23:48:40.842+0000] {processor.py:743} INFO - Processing file /opt/airflow/dags/src/lab.py for tasks to queue
[2026-02-13T23:48:40.843+0000] {logging_mixin.py:137} INFO - [2026-02-13T23:48:40.843+0000] {dagbag.py:538} INFO - Filling up the DagBag from /opt/airflow/dags/src/lab.py
[2026-02-13T23:48:40.863+0000] {logging_mixin.py:137} INFO - [2026-02-13T23:48:40.862+0000] {dagbag.py:343} ERROR - Failed to import: /opt/airflow/dags/src/lab.py
Traceback (most recent call last):
  File "/home/airflow/.local/lib/python3.7/site-packages/airflow/models/dagbag.py", line 339, in parse
    loader.exec_module(new_module)
  File "<frozen importlib._bootstrap_external>", line 728, in exec_module
  File "<frozen importlib._bootstrap>", line 219, in _call_with_frames_removed
  File "/opt/airflow/dags/src/lab.py", line 6, in <module>
    from src.lab import load_data, data_preprocessing, build_save_model, load_model_elbow
  File "/opt/airflow/dags/src/lab.py", line 6, in <module>
    from src.lab import load_data, data_preprocessing, build_save_model, load_model_elbow
ImportError: cannot import name 'load_data' from 'src.lab' (/opt/airflow/dags/src/lab.py)
[2026-02-13T23:48:40.864+0000] {processor.py:755} WARNING - No viable dags retrieved from /opt/airflow/dags/src/lab.py
[2026-02-13T23:48:40.895+0000] {processor.py:175} INFO - Processing /opt/airflow/dags/src/lab.py took 0.061 seconds
[2026-02-13T23:49:11.296+0000] {processor.py:153} INFO - Started process (PID=349) to work on /opt/airflow/dags/src/lab.py
[2026-02-13T23:49:11.297+0000] {processor.py:743} INFO - Processing file /opt/airflow/dags/src/lab.py for tasks to queue
[2026-02-13T23:49:11.299+0000] {logging_mixin.py:137} INFO - [2026-02-13T23:49:11.299+0000] {dagbag.py:538} INFO - Filling up the DagBag from /opt/airflow/dags/src/lab.py
[2026-02-13T23:49:11.316+0000] {logging_mixin.py:137} INFO - [2026-02-13T23:49:11.309+0000] {dagbag.py:343} ERROR - Failed to import: /opt/airflow/dags/src/lab.py
Traceback (most recent call last):
  File "/home/airflow/.local/lib/python3.7/site-packages/airflow/models/dagbag.py", line 339, in parse
    loader.exec_module(new_module)
  File "<frozen importlib._bootstrap_external>", line 728, in exec_module
  File "<frozen importlib._bootstrap>", line 219, in _call_with_frames_removed
  File "/opt/airflow/dags/src/lab.py", line 6, in <module>
    from src.lab import load_data, data_preprocessing, build_save_model, load_model_elbow
  File "/opt/airflow/dags/src/lab.py", line 6, in <module>
    from src.lab import load_data, data_preprocessing, build_save_model, load_model_elbow
ImportError: cannot import name 'load_data' from 'src.lab' (/opt/airflow/dags/src/lab.py)
[2026-02-13T23:49:11.318+0000] {processor.py:755} WARNING - No viable dags retrieved from /opt/airflow/dags/src/lab.py
[2026-02-13T23:49:11.369+0000] {processor.py:175} INFO - Processing /opt/airflow/dags/src/lab.py took 0.080 seconds
[2026-02-13T23:49:41.707+0000] {processor.py:153} INFO - Started process (PID=399) to work on /opt/airflow/dags/src/lab.py
[2026-02-13T23:49:41.708+0000] {processor.py:743} INFO - Processing file /opt/airflow/dags/src/lab.py for tasks to queue
[2026-02-13T23:49:41.709+0000] {logging_mixin.py:137} INFO - [2026-02-13T23:49:41.709+0000] {dagbag.py:538} INFO - Filling up the DagBag from /opt/airflow/dags/src/lab.py
[2026-02-13T23:49:41.725+0000] {logging_mixin.py:137} INFO - [2026-02-13T23:49:41.723+0000] {dagbag.py:343} ERROR - Failed to import: /opt/airflow/dags/src/lab.py
Traceback (most recent call last):
  File "/home/airflow/.local/lib/python3.7/site-packages/airflow/models/dagbag.py", line 339, in parse
    loader.exec_module(new_module)
  File "<frozen importlib._bootstrap_external>", line 728, in exec_module
  File "<frozen importlib._bootstrap>", line 219, in _call_with_frames_removed
  File "/opt/airflow/dags/src/lab.py", line 6, in <module>
    from src.lab import load_data, data_preprocessing, build_save_model, load_model_elbow
  File "/opt/airflow/dags/src/lab.py", line 6, in <module>
    from src.lab import load_data, data_preprocessing, build_save_model, load_model_elbow
ImportError: cannot import name 'load_data' from 'src.lab' (/opt/airflow/dags/src/lab.py)
[2026-02-13T23:49:41.725+0000] {processor.py:755} WARNING - No viable dags retrieved from /opt/airflow/dags/src/lab.py
[2026-02-13T23:49:41.747+0000] {processor.py:175} INFO - Processing /opt/airflow/dags/src/lab.py took 0.045 seconds
[2026-02-13T23:50:12.162+0000] {processor.py:153} INFO - Started process (PID=433) to work on /opt/airflow/dags/src/lab.py
[2026-02-13T23:50:12.164+0000] {processor.py:743} INFO - Processing file /opt/airflow/dags/src/lab.py for tasks to queue
[2026-02-13T23:50:12.165+0000] {logging_mixin.py:137} INFO - [2026-02-13T23:50:12.165+0000] {dagbag.py:538} INFO - Filling up the DagBag from /opt/airflow/dags/src/lab.py
[2026-02-13T23:50:12.182+0000] {logging_mixin.py:137} INFO - [2026-02-13T23:50:12.181+0000] {dagbag.py:343} ERROR - Failed to import: /opt/airflow/dags/src/lab.py
Traceback (most recent call last):
  File "/home/airflow/.local/lib/python3.7/site-packages/airflow/models/dagbag.py", line 339, in parse
    loader.exec_module(new_module)
  File "<frozen importlib._bootstrap_external>", line 728, in exec_module
  File "<frozen importlib._bootstrap>", line 219, in _call_with_frames_removed
  File "/opt/airflow/dags/src/lab.py", line 6, in <module>
    from src.lab import load_data, data_preprocessing, build_save_model, load_model_elbow
  File "/opt/airflow/dags/src/lab.py", line 6, in <module>
    from src.lab import load_data, data_preprocessing, build_save_model, load_model_elbow
ImportError: cannot import name 'load_data' from 'src.lab' (/opt/airflow/dags/src/lab.py)
[2026-02-13T23:50:12.183+0000] {processor.py:755} WARNING - No viable dags retrieved from /opt/airflow/dags/src/lab.py
[2026-02-13T23:50:12.215+0000] {processor.py:175} INFO - Processing /opt/airflow/dags/src/lab.py took 0.059 seconds
[2026-02-13T23:52:03.453+0000] {processor.py:153} INFO - Started process (PID=59) to work on /opt/airflow/dags/src/lab.py
[2026-02-13T23:52:03.455+0000] {processor.py:743} INFO - Processing file /opt/airflow/dags/src/lab.py for tasks to queue
[2026-02-13T23:52:03.456+0000] {logging_mixin.py:137} INFO - [2026-02-13T23:52:03.456+0000] {dagbag.py:538} INFO - Filling up the DagBag from /opt/airflow/dags/src/lab.py
[2026-02-13T23:52:03.499+0000] {logging_mixin.py:137} INFO - [2026-02-13T23:52:03.489+0000] {dagbag.py:343} ERROR - Failed to import: /opt/airflow/dags/src/lab.py
Traceback (most recent call last):
  File "/home/airflow/.local/lib/python3.7/site-packages/airflow/models/dagbag.py", line 339, in parse
    loader.exec_module(new_module)
  File "<frozen importlib._bootstrap_external>", line 728, in exec_module
  File "<frozen importlib._bootstrap>", line 219, in _call_with_frames_removed
  File "/opt/airflow/dags/src/lab.py", line 6, in <module>
    from src.lab import load_data, data_preprocessing, build_save_model, load_model_elbow
  File "/opt/airflow/dags/src/lab.py", line 6, in <module>
    from src.lab import load_data, data_preprocessing, build_save_model, load_model_elbow
ImportError: cannot import name 'load_data' from 'src.lab' (/opt/airflow/dags/src/lab.py)
[2026-02-13T23:52:03.501+0000] {processor.py:755} WARNING - No viable dags retrieved from /opt/airflow/dags/src/lab.py
[2026-02-13T23:52:03.566+0000] {processor.py:175} INFO - Processing /opt/airflow/dags/src/lab.py took 0.118 seconds
[2026-02-13T23:52:34.475+0000] {processor.py:153} INFO - Started process (PID=93) to work on /opt/airflow/dags/src/lab.py
[2026-02-13T23:52:34.480+0000] {processor.py:743} INFO - Processing file /opt/airflow/dags/src/lab.py for tasks to queue
[2026-02-13T23:52:34.485+0000] {logging_mixin.py:137} INFO - [2026-02-13T23:52:34.484+0000] {dagbag.py:538} INFO - Filling up the DagBag from /opt/airflow/dags/src/lab.py
[2026-02-13T23:52:34.582+0000] {logging_mixin.py:137} INFO - [2026-02-13T23:52:34.567+0000] {dagbag.py:343} ERROR - Failed to import: /opt/airflow/dags/src/lab.py
Traceback (most recent call last):
  File "/home/airflow/.local/lib/python3.7/site-packages/airflow/models/dagbag.py", line 339, in parse
    loader.exec_module(new_module)
  File "<frozen importlib._bootstrap_external>", line 728, in exec_module
  File "<frozen importlib._bootstrap>", line 219, in _call_with_frames_removed
  File "/opt/airflow/dags/src/lab.py", line 6, in <module>
    from src.lab import load_data, data_preprocessing, build_save_model, load_model_elbow
  File "/opt/airflow/dags/src/lab.py", line 6, in <module>
    from src.lab import load_data, data_preprocessing, build_save_model, load_model_elbow
ImportError: cannot import name 'load_data' from 'src.lab' (/opt/airflow/dags/src/lab.py)
[2026-02-13T23:52:34.584+0000] {processor.py:755} WARNING - No viable dags retrieved from /opt/airflow/dags/src/lab.py
[2026-02-13T23:52:34.654+0000] {processor.py:175} INFO - Processing /opt/airflow/dags/src/lab.py took 0.210 seconds
[2026-02-13T23:53:05.279+0000] {processor.py:153} INFO - Started process (PID=127) to work on /opt/airflow/dags/src/lab.py
[2026-02-13T23:53:05.283+0000] {processor.py:743} INFO - Processing file /opt/airflow/dags/src/lab.py for tasks to queue
[2026-02-13T23:53:05.285+0000] {logging_mixin.py:137} INFO - [2026-02-13T23:53:05.284+0000] {dagbag.py:538} INFO - Filling up the DagBag from /opt/airflow/dags/src/lab.py
[2026-02-13T23:53:05.317+0000] {logging_mixin.py:137} INFO - [2026-02-13T23:53:05.313+0000] {dagbag.py:343} ERROR - Failed to import: /opt/airflow/dags/src/lab.py
Traceback (most recent call last):
  File "/home/airflow/.local/lib/python3.7/site-packages/airflow/models/dagbag.py", line 339, in parse
    loader.exec_module(new_module)
  File "<frozen importlib._bootstrap_external>", line 728, in exec_module
  File "<frozen importlib._bootstrap>", line 219, in _call_with_frames_removed
  File "/opt/airflow/dags/src/lab.py", line 6, in <module>
    from src.lab import load_data, data_preprocessing, build_save_model, load_model_elbow
  File "/opt/airflow/dags/src/lab.py", line 6, in <module>
    from src.lab import load_data, data_preprocessing, build_save_model, load_model_elbow
ImportError: cannot import name 'load_data' from 'src.lab' (/opt/airflow/dags/src/lab.py)
[2026-02-13T23:53:05.318+0000] {processor.py:755} WARNING - No viable dags retrieved from /opt/airflow/dags/src/lab.py
[2026-02-13T23:53:05.426+0000] {processor.py:175} INFO - Processing /opt/airflow/dags/src/lab.py took 0.162 seconds
[2026-02-13T23:53:36.166+0000] {processor.py:153} INFO - Started process (PID=161) to work on /opt/airflow/dags/src/lab.py
[2026-02-13T23:53:36.167+0000] {processor.py:743} INFO - Processing file /opt/airflow/dags/src/lab.py for tasks to queue
[2026-02-13T23:53:36.168+0000] {logging_mixin.py:137} INFO - [2026-02-13T23:53:36.168+0000] {dagbag.py:538} INFO - Filling up the DagBag from /opt/airflow/dags/src/lab.py
[2026-02-13T23:53:36.197+0000] {logging_mixin.py:137} INFO - [2026-02-13T23:53:36.195+0000] {dagbag.py:343} ERROR - Failed to import: /opt/airflow/dags/src/lab.py
Traceback (most recent call last):
  File "/home/airflow/.local/lib/python3.7/site-packages/airflow/models/dagbag.py", line 339, in parse
    loader.exec_module(new_module)
  File "<frozen importlib._bootstrap_external>", line 728, in exec_module
  File "<frozen importlib._bootstrap>", line 219, in _call_with_frames_removed
  File "/opt/airflow/dags/src/lab.py", line 6, in <module>
    from src.lab import load_data, data_preprocessing, build_save_model, load_model_elbow
  File "/opt/airflow/dags/src/lab.py", line 6, in <module>
    from src.lab import load_data, data_preprocessing, build_save_model, load_model_elbow
ImportError: cannot import name 'load_data' from 'src.lab' (/opt/airflow/dags/src/lab.py)
[2026-02-13T23:53:36.198+0000] {processor.py:755} WARNING - No viable dags retrieved from /opt/airflow/dags/src/lab.py
[2026-02-13T23:53:36.232+0000] {processor.py:175} INFO - Processing /opt/airflow/dags/src/lab.py took 0.074 seconds
[2026-02-13T23:54:06.991+0000] {processor.py:153} INFO - Started process (PID=201) to work on /opt/airflow/dags/src/lab.py
[2026-02-13T23:54:06.992+0000] {processor.py:743} INFO - Processing file /opt/airflow/dags/src/lab.py for tasks to queue
[2026-02-13T23:54:06.993+0000] {logging_mixin.py:137} INFO - [2026-02-13T23:54:06.993+0000] {dagbag.py:538} INFO - Filling up the DagBag from /opt/airflow/dags/src/lab.py
[2026-02-13T23:54:07.015+0000] {logging_mixin.py:137} INFO - [2026-02-13T23:54:07.013+0000] {dagbag.py:343} ERROR - Failed to import: /opt/airflow/dags/src/lab.py
Traceback (most recent call last):
  File "/home/airflow/.local/lib/python3.7/site-packages/airflow/models/dagbag.py", line 339, in parse
    loader.exec_module(new_module)
  File "<frozen importlib._bootstrap_external>", line 728, in exec_module
  File "<frozen importlib._bootstrap>", line 219, in _call_with_frames_removed
  File "/opt/airflow/dags/src/lab.py", line 6, in <module>
    from src.lab import load_data, data_preprocessing, build_save_model, load_model_elbow
  File "/opt/airflow/dags/src/lab.py", line 6, in <module>
    from src.lab import load_data, data_preprocessing, build_save_model, load_model_elbow
ImportError: cannot import name 'load_data' from 'src.lab' (/opt/airflow/dags/src/lab.py)
[2026-02-13T23:54:07.016+0000] {processor.py:755} WARNING - No viable dags retrieved from /opt/airflow/dags/src/lab.py
[2026-02-13T23:54:07.060+0000] {processor.py:175} INFO - Processing /opt/airflow/dags/src/lab.py took 0.068 seconds
[2026-02-13T23:54:37.449+0000] {processor.py:153} INFO - Started process (PID=245) to work on /opt/airflow/dags/src/lab.py
[2026-02-13T23:54:37.451+0000] {processor.py:743} INFO - Processing file /opt/airflow/dags/src/lab.py for tasks to queue
[2026-02-13T23:54:37.452+0000] {logging_mixin.py:137} INFO - [2026-02-13T23:54:37.452+0000] {dagbag.py:538} INFO - Filling up the DagBag from /opt/airflow/dags/src/lab.py
[2026-02-13T23:54:37.478+0000] {logging_mixin.py:137} INFO - [2026-02-13T23:54:37.477+0000] {dagbag.py:343} ERROR - Failed to import: /opt/airflow/dags/src/lab.py
Traceback (most recent call last):
  File "/home/airflow/.local/lib/python3.7/site-packages/airflow/models/dagbag.py", line 339, in parse
    loader.exec_module(new_module)
  File "<frozen importlib._bootstrap_external>", line 728, in exec_module
  File "<frozen importlib._bootstrap>", line 219, in _call_with_frames_removed
  File "/opt/airflow/dags/src/lab.py", line 6, in <module>
    from src.lab import load_data, data_preprocessing, build_save_model, load_model_elbow
  File "/opt/airflow/dags/src/lab.py", line 6, in <module>
    from src.lab import load_data, data_preprocessing, build_save_model, load_model_elbow
ImportError: cannot import name 'load_data' from 'src.lab' (/opt/airflow/dags/src/lab.py)
[2026-02-13T23:54:37.479+0000] {processor.py:755} WARNING - No viable dags retrieved from /opt/airflow/dags/src/lab.py
[2026-02-13T23:54:37.514+0000] {processor.py:175} INFO - Processing /opt/airflow/dags/src/lab.py took 0.070 seconds
[2026-02-13T23:54:52.738+0000] {processor.py:153} INFO - Started process (PID=262) to work on /opt/airflow/dags/src/lab.py
[2026-02-13T23:54:52.740+0000] {processor.py:743} INFO - Processing file /opt/airflow/dags/src/lab.py for tasks to queue
[2026-02-13T23:54:52.741+0000] {logging_mixin.py:137} INFO - [2026-02-13T23:54:52.740+0000] {dagbag.py:538} INFO - Filling up the DagBag from /opt/airflow/dags/src/lab.py
[2026-02-13T23:54:52.742+0000] {logging_mixin.py:137} INFO - [2026-02-13T23:54:52.742+0000] {dagbag.py:320} INFO - File /opt/airflow/dags/src/lab.py assumed to contain no DAGs. Skipping.
[2026-02-13T23:54:52.742+0000] {processor.py:755} WARNING - No viable dags retrieved from /opt/airflow/dags/src/lab.py
[2026-02-13T23:54:52.764+0000] {processor.py:175} INFO - Processing /opt/airflow/dags/src/lab.py took 0.031 seconds
[2026-02-13T23:55:23.755+0000] {processor.py:153} INFO - Started process (PID=306) to work on /opt/airflow/dags/src/lab.py
[2026-02-13T23:55:23.806+0000] {processor.py:743} INFO - Processing file /opt/airflow/dags/src/lab.py for tasks to queue
[2026-02-13T23:55:23.817+0000] {logging_mixin.py:137} INFO - [2026-02-13T23:55:23.815+0000] {dagbag.py:538} INFO - Filling up the DagBag from /opt/airflow/dags/src/lab.py
[2026-02-13T23:55:23.847+0000] {logging_mixin.py:137} INFO - [2026-02-13T23:55:23.845+0000] {dagbag.py:320} INFO - File /opt/airflow/dags/src/lab.py assumed to contain no DAGs. Skipping.
[2026-02-13T23:55:24.028+0000] {processor.py:755} WARNING - No viable dags retrieved from /opt/airflow/dags/src/lab.py
[2026-02-13T23:55:25.116+0000] {processor.py:175} INFO - Processing /opt/airflow/dags/src/lab.py took 1.542 seconds
[2026-02-13T23:55:55.384+0000] {processor.py:153} INFO - Started process (PID=348) to work on /opt/airflow/dags/src/lab.py
[2026-02-13T23:55:55.387+0000] {processor.py:743} INFO - Processing file /opt/airflow/dags/src/lab.py for tasks to queue
[2026-02-13T23:55:55.388+0000] {logging_mixin.py:137} INFO - [2026-02-13T23:55:55.388+0000] {dagbag.py:538} INFO - Filling up the DagBag from /opt/airflow/dags/src/lab.py
[2026-02-13T23:55:55.391+0000] {logging_mixin.py:137} INFO - [2026-02-13T23:55:55.391+0000] {dagbag.py:320} INFO - File /opt/airflow/dags/src/lab.py assumed to contain no DAGs. Skipping.
[2026-02-13T23:55:55.393+0000] {processor.py:755} WARNING - No viable dags retrieved from /opt/airflow/dags/src/lab.py
[2026-02-13T23:55:55.413+0000] {processor.py:175} INFO - Processing /opt/airflow/dags/src/lab.py took 0.033 seconds
[2026-02-13T23:56:25.469+0000] {processor.py:153} INFO - Started process (PID=392) to work on /opt/airflow/dags/src/lab.py
[2026-02-13T23:56:25.472+0000] {processor.py:743} INFO - Processing file /opt/airflow/dags/src/lab.py for tasks to queue
[2026-02-13T23:56:25.475+0000] {logging_mixin.py:137} INFO - [2026-02-13T23:56:25.475+0000] {dagbag.py:538} INFO - Filling up the DagBag from /opt/airflow/dags/src/lab.py
[2026-02-13T23:56:25.483+0000] {logging_mixin.py:137} INFO - [2026-02-13T23:56:25.482+0000] {dagbag.py:320} INFO - File /opt/airflow/dags/src/lab.py assumed to contain no DAGs. Skipping.
[2026-02-13T23:56:25.484+0000] {processor.py:755} WARNING - No viable dags retrieved from /opt/airflow/dags/src/lab.py
[2026-02-13T23:56:25.530+0000] {processor.py:175} INFO - Processing /opt/airflow/dags/src/lab.py took 0.069 seconds
[2026-02-13T23:56:55.616+0000] {processor.py:153} INFO - Started process (PID=422) to work on /opt/airflow/dags/src/lab.py
[2026-02-13T23:56:55.619+0000] {processor.py:743} INFO - Processing file /opt/airflow/dags/src/lab.py for tasks to queue
[2026-02-13T23:56:55.622+0000] {logging_mixin.py:137} INFO - [2026-02-13T23:56:55.622+0000] {dagbag.py:538} INFO - Filling up the DagBag from /opt/airflow/dags/src/lab.py
[2026-02-13T23:56:55.625+0000] {logging_mixin.py:137} INFO - [2026-02-13T23:56:55.625+0000] {dagbag.py:320} INFO - File /opt/airflow/dags/src/lab.py assumed to contain no DAGs. Skipping.
[2026-02-13T23:56:55.625+0000] {processor.py:755} WARNING - No viable dags retrieved from /opt/airflow/dags/src/lab.py
[2026-02-13T23:56:55.654+0000] {processor.py:175} INFO - Processing /opt/airflow/dags/src/lab.py took 0.046 seconds
